TranslationUnitDecl 0x5ffb0e718a18 <<invalid sloc>> <invalid sloc>
|-TypedefDecl 0x5ffb0e719248 <<invalid sloc>> <invalid sloc> implicit __int128_t '__int128'
| `-BuiltinType 0x5ffb0e718fe0 '__int128'
|-TypedefDecl 0x5ffb0e7192b8 <<invalid sloc>> <invalid sloc> implicit __uint128_t 'unsigned __int128'
| `-BuiltinType 0x5ffb0e719000 'unsigned __int128'
|-TypedefDecl 0x5ffb0e7195c0 <<invalid sloc>> <invalid sloc> implicit __NSConstantString 'struct __NSConstantString_tag'
| `-RecordType 0x5ffb0e719390 'struct __NSConstantString_tag'
|   `-Record 0x5ffb0e719310 '__NSConstantString_tag'
|-TypedefDecl 0x5ffb0e719668 <<invalid sloc>> <invalid sloc> implicit __builtin_ms_va_list 'char *'
| `-PointerType 0x5ffb0e719620 'char *'
|   `-BuiltinType 0x5ffb0e718ac0 'char'
|-TypedefDecl 0x5ffb0e719960 <<invalid sloc>> <invalid sloc> implicit referenced __builtin_va_list 'struct __va_list_tag[1]'
| `-ConstantArrayType 0x5ffb0e719900 'struct __va_list_tag[1]' 1 
|   `-RecordType 0x5ffb0e719740 'struct __va_list_tag'
|     `-Record 0x5ffb0e7196c0 '__va_list_tag'
|-TypedefDecl 0x5ffb0e78e970 </usr/lib/llvm-18/lib/clang/18/include/__stddef_size_t.h:18:1, col:23> col:23 referenced size_t 'unsigned long'
| `-BuiltinType 0x5ffb0e718be0 'unsigned long'
|-TypedefDecl 0x5ffb0e78ea40 </usr/lib/llvm-18/lib/clang/18/include/__stdarg___gnuc_va_list.h:12:1, col:27> col:27 referenced __gnuc_va_list '__builtin_va_list':'struct __va_list_tag[1]'
| `-ElaboratedType 0x5ffb0e78ea00 '__builtin_va_list' sugar
|   `-TypedefType 0x5ffb0e78e9d0 '__builtin_va_list' sugar
|     |-Typedef 0x5ffb0e719960 '__builtin_va_list'
|     `-ConstantArrayType 0x5ffb0e719900 'struct __va_list_tag[1]' 1 
|       `-RecordType 0x5ffb0e719740 'struct __va_list_tag'
|         `-Record 0x5ffb0e7196c0 '__va_list_tag'
|-TypedefDecl 0x5ffb0e78eab0 </usr/include/x86_64-linux-gnu/bits/types.h:31:1, col:23> col:23 __u_char 'unsigned char'
| `-BuiltinType 0x5ffb0e718b80 'unsigned char'
|-TypedefDecl 0x5ffb0e78eb20 <line:32:1, col:28> col:28 __u_short 'unsigned short'
| `-BuiltinType 0x5ffb0e718ba0 'unsigned short'
|-TypedefDecl 0x5ffb0e78eb90 <line:33:1, col:22> col:22 __u_int 'unsigned int'
| `-BuiltinType 0x5ffb0e718bc0 'unsigned int'
|-TypedefDecl 0x5ffb0e78ec00 <line:34:1, col:27> col:27 __u_long 'unsigned long'
| `-BuiltinType 0x5ffb0e718be0 'unsigned long'
|-TypedefDecl 0x5ffb0e78ec70 <line:37:1, col:21> col:21 referenced __int8_t 'signed char'
| `-BuiltinType 0x5ffb0e718ae0 'signed char'
|-TypedefDecl 0x5ffb0e78ece0 <line:38:1, col:23> col:23 referenced __uint8_t 'unsigned char'
| `-BuiltinType 0x5ffb0e718b80 'unsigned char'
|-TypedefDecl 0x5ffb0e78ed50 <line:39:1, col:26> col:26 referenced __int16_t 'short'
| `-BuiltinType 0x5ffb0e718b00 'short'
|-TypedefDecl 0x5ffb0e78edc0 <line:40:1, col:28> col:28 referenced __uint16_t 'unsigned short'
| `-BuiltinType 0x5ffb0e718ba0 'unsigned short'
|-TypedefDecl 0x5ffb0e78ee30 <line:41:1, col:20> col:20 referenced __int32_t 'int'
| `-BuiltinType 0x5ffb0e718b20 'int'
|-TypedefDecl 0x5ffb0e78eea0 <line:42:1, col:22> col:22 referenced __uint32_t 'unsigned int'
| `-BuiltinType 0x5ffb0e718bc0 'unsigned int'
|-TypedefDecl 0x5ffb0e78ef10 <line:44:1, col:25> col:25 referenced __int64_t 'long'
| `-BuiltinType 0x5ffb0e718b40 'long'
|-TypedefDecl 0x5ffb0e78ef80 <line:45:1, col:27> col:27 referenced __uint64_t 'unsigned long'
| `-BuiltinType 0x5ffb0e718be0 'unsigned long'
|-TypedefDecl 0x5ffb0e78f050 <line:52:1, col:18> col:18 __int_least8_t '__int8_t':'signed char'
| `-ElaboratedType 0x5ffb0e78f010 '__int8_t' sugar
|   `-TypedefType 0x5ffb0e78efe0 '__int8_t' sugar
|     |-Typedef 0x5ffb0e78ec70 '__int8_t'
|     `-BuiltinType 0x5ffb0e718ae0 'signed char'
|-TypedefDecl 0x5ffb0e78f120 <line:53:1, col:19> col:19 __uint_least8_t '__uint8_t':'unsigned char'
| `-ElaboratedType 0x5ffb0e78f0e0 '__uint8_t' sugar
|   `-TypedefType 0x5ffb0e78f0b0 '__uint8_t' sugar
|     |-Typedef 0x5ffb0e78ece0 '__uint8_t'
|     `-BuiltinType 0x5ffb0e718b80 'unsigned char'
|-TypedefDecl 0x5ffb0e78f1f0 <line:54:1, col:19> col:19 __int_least16_t '__int16_t':'short'
| `-ElaboratedType 0x5ffb0e78f1b0 '__int16_t' sugar
|   `-TypedefType 0x5ffb0e78f180 '__int16_t' sugar
|     |-Typedef 0x5ffb0e78ed50 '__int16_t'
|     `-BuiltinType 0x5ffb0e718b00 'short'
|-TypedefDecl 0x5ffb0e78f2c0 <line:55:1, col:20> col:20 __uint_least16_t '__uint16_t':'unsigned short'
| `-ElaboratedType 0x5ffb0e78f280 '__uint16_t' sugar
|   `-TypedefType 0x5ffb0e78f250 '__uint16_t' sugar
|     |-Typedef 0x5ffb0e78edc0 '__uint16_t'
|     `-BuiltinType 0x5ffb0e718ba0 'unsigned short'
|-TypedefDecl 0x5ffb0e78f390 <line:56:1, col:19> col:19 __int_least32_t '__int32_t':'int'
| `-ElaboratedType 0x5ffb0e78f350 '__int32_t' sugar
|   `-TypedefType 0x5ffb0e78f320 '__int32_t' sugar
|     |-Typedef 0x5ffb0e78ee30 '__int32_t'
|     `-BuiltinType 0x5ffb0e718b20 'int'
|-TypedefDecl 0x5ffb0e78f460 <line:57:1, col:20> col:20 __uint_least32_t '__uint32_t':'unsigned int'
| `-ElaboratedType 0x5ffb0e78f420 '__uint32_t' sugar
|   `-TypedefType 0x5ffb0e78f3f0 '__uint32_t' sugar
|     |-Typedef 0x5ffb0e78eea0 '__uint32_t'
|     `-BuiltinType 0x5ffb0e718bc0 'unsigned int'
|-TypedefDecl 0x5ffb0e78f530 <line:58:1, col:19> col:19 __int_least64_t '__int64_t':'long'
| `-ElaboratedType 0x5ffb0e78f4f0 '__int64_t' sugar
|   `-TypedefType 0x5ffb0e78f4c0 '__int64_t' sugar
|     |-Typedef 0x5ffb0e78ef10 '__int64_t'
|     `-BuiltinType 0x5ffb0e718b40 'long'
|-TypedefDecl 0x5ffb0e78f600 <line:59:1, col:20> col:20 __uint_least64_t '__uint64_t':'unsigned long'
| `-ElaboratedType 0x5ffb0e78f5c0 '__uint64_t' sugar
|   `-TypedefType 0x5ffb0e78f590 '__uint64_t' sugar
|     |-Typedef 0x5ffb0e78ef80 '__uint64_t'
|     `-BuiltinType 0x5ffb0e718be0 'unsigned long'
|-TypedefDecl 0x5ffb0e78f670 <line:63:1, col:18> col:18 __quad_t 'long'
| `-BuiltinType 0x5ffb0e718b40 'long'
|-TypedefDecl 0x5ffb0e78f6e0 <line:64:1, col:27> col:27 __u_quad_t 'unsigned long'
| `-BuiltinType 0x5ffb0e718be0 'unsigned long'
|-TypedefDecl 0x5ffb0e78f750 <line:72:1, col:18> col:18 __intmax_t 'long'
| `-BuiltinType 0x5ffb0e718b40 'long'
|-TypedefDecl 0x5ffb0e78f7c0 <line:73:1, col:27> col:27 __uintmax_t 'unsigned long'
| `-BuiltinType 0x5ffb0e718be0 'unsigned long'
|-TypedefDecl 0x5ffb0e78f830 <line:137:22, line:145:25> col:25 __dev_t 'unsigned long'
| `-BuiltinType 0x5ffb0e718be0 'unsigned long'
|-TypedefDecl 0x5ffb0e78f8a0 <line:137:22, line:146:25> col:25 __uid_t 'unsigned int'
| `-BuiltinType 0x5ffb0e718bc0 'unsigned int'
|-TypedefDecl 0x5ffb0e78f910 <line:137:22, line:147:25> col:25 __gid_t 'unsigned int'
| `-BuiltinType 0x5ffb0e718bc0 'unsigned int'
|-TypedefDecl 0x5ffb0e799838 <line:137:22, line:148:25> col:25 __ino_t 'unsigned long'
| `-BuiltinType 0x5ffb0e718be0 'unsigned long'
|-TypedefDecl 0x5ffb0e7998a8 <line:137:22, line:149:27> col:27 __ino64_t 'unsigned long'
| `-BuiltinType 0x5ffb0e718be0 'unsigned long'
|-TypedefDecl 0x5ffb0e799918 <line:137:22, line:150:26> col:26 __mode_t 'unsigned int'
| `-BuiltinType 0x5ffb0e718bc0 'unsigned int'
|-TypedefDecl 0x5ffb0e799988 <line:137:22, line:151:27> col:27 __nlink_t 'unsigned long'
| `-BuiltinType 0x5ffb0e718be0 'unsigned long'
|-TypedefDecl 0x5ffb0e7999f8 <line:137:22, line:152:25> col:25 referenced __off_t 'long'
| `-BuiltinType 0x5ffb0e718b40 'long'
|-TypedefDecl 0x5ffb0e799a68 <line:137:22, line:153:27> col:27 referenced __off64_t 'long'
| `-BuiltinType 0x5ffb0e718b40 'long'
|-TypedefDecl 0x5ffb0e799ad8 <line:137:22, line:154:25> col:25 __pid_t 'int'
| `-BuiltinType 0x5ffb0e718b20 'int'
|-RecordDecl 0x5ffb0e799b30 </usr/include/x86_64-linux-gnu/bits/typesizes.h:73:24, col:47> col:24 struct definition
| `-FieldDecl 0x5ffb0e799c78 <col:33, col:44> col:37 __val 'int[2]'
|-TypedefDecl 0x5ffb0e799d28 </usr/include/x86_64-linux-gnu/bits/types.h:137:22, line:155:26> col:26 __fsid_t 'struct __fsid_t':'__fsid_t'
| `-ElaboratedType 0x5ffb0e799cd0 'struct __fsid_t' sugar
|   `-RecordType 0x5ffb0e799bb0 '__fsid_t'
|     `-Record 0x5ffb0e799b30 ''
|-TypedefDecl 0x5ffb0e799db0 <line:137:22, line:156:27> col:27 __clock_t 'long'
| `-BuiltinType 0x5ffb0e718b40 'long'
|-TypedefDecl 0x5ffb0e799e20 <line:137:22, line:157:26> col:26 __rlim_t 'unsigned long'
| `-BuiltinType 0x5ffb0e718be0 'unsigned long'
|-TypedefDecl 0x5ffb0e799e90 <line:137:22, line:158:28> col:28 __rlim64_t 'unsigned long'
| `-BuiltinType 0x5ffb0e718be0 'unsigned long'
|-TypedefDecl 0x5ffb0e799f00 <line:137:22, line:159:24> col:24 __id_t 'unsigned int'
| `-BuiltinType 0x5ffb0e718bc0 'unsigned int'
|-TypedefDecl 0x5ffb0e799f70 <line:137:22, line:160:26> col:26 __time_t 'long'
| `-BuiltinType 0x5ffb0e718b40 'long'
|-TypedefDecl 0x5ffb0e799fe0 <line:137:22, line:161:30> col:30 __useconds_t 'unsigned int'
| `-BuiltinType 0x5ffb0e718bc0 'unsigned int'
|-TypedefDecl 0x5ffb0e79a050 <line:137:22, line:162:31> col:31 __suseconds_t 'long'
| `-BuiltinType 0x5ffb0e718b40 'long'
|-TypedefDecl 0x5ffb0e79a0c0 <line:137:22, line:163:33> col:33 __suseconds64_t 'long'
| `-BuiltinType 0x5ffb0e718b40 'long'
|-TypedefDecl 0x5ffb0e79a130 <line:137:22, line:165:27> col:27 __daddr_t 'int'
| `-BuiltinType 0x5ffb0e718b20 'int'
|-TypedefDecl 0x5ffb0e79a1a0 <line:137:22, line:166:25> col:25 __key_t 'int'
| `-BuiltinType 0x5ffb0e718b20 'int'
|-TypedefDecl 0x5ffb0e79a210 <line:137:22, line:169:29> col:29 __clockid_t 'int'
| `-BuiltinType 0x5ffb0e718b20 'int'
|-TypedefDecl 0x5ffb0e79a280 <line:137:22, line:172:27> col:27 __timer_t 'void *'
| `-PointerType 0x5ffb0e7191a0 'void *'
|   `-BuiltinType 0x5ffb0e718a80 'void'
|-TypedefDecl 0x5ffb0e79a2f0 <line:137:22, line:175:29> col:29 __blksize_t 'long'
| `-BuiltinType 0x5ffb0e718b40 'long'
|-TypedefDecl 0x5ffb0e79a360 <line:137:22, line:180:28> col:28 __blkcnt_t 'long'
| `-BuiltinType 0x5ffb0e718b40 'long'
|-TypedefDecl 0x5ffb0e79a3d0 <line:137:22, line:181:30> col:30 __blkcnt64_t 'long'
| `-BuiltinType 0x5ffb0e718b40 'long'
|-TypedefDecl 0x5ffb0e79a440 <line:137:22, line:184:30> col:30 __fsblkcnt_t 'unsigned long'
| `-BuiltinType 0x5ffb0e718be0 'unsigned long'
|-TypedefDecl 0x5ffb0e79a4b0 <line:137:22, line:185:32> col:32 __fsblkcnt64_t 'unsigned long'
| `-BuiltinType 0x5ffb0e718be0 'unsigned long'
|-TypedefDecl 0x5ffb0e79a520 <line:137:22, line:188:30> col:30 __fsfilcnt_t 'unsigned long'
| `-BuiltinType 0x5ffb0e718be0 'unsigned long'
|-TypedefDecl 0x5ffb0e79a590 <line:137:22, line:189:32> col:32 __fsfilcnt64_t 'unsigned long'
| `-BuiltinType 0x5ffb0e718be0 'unsigned long'
|-TypedefDecl 0x5ffb0e79a600 <line:137:22, line:192:28> col:28 __fsword_t 'long'
| `-BuiltinType 0x5ffb0e718b40 'long'
|-TypedefDecl 0x5ffb0e79a670 <line:137:22, line:194:27> col:27 referenced __ssize_t 'long'
| `-BuiltinType 0x5ffb0e718b40 'long'
|-TypedefDecl 0x5ffb0e79a6e0 <line:137:22, line:197:33> col:33 __syscall_slong_t 'long'
| `-BuiltinType 0x5ffb0e718b40 'long'
|-TypedefDecl 0x5ffb0e79a750 <line:137:22, line:199:33> col:33 __syscall_ulong_t 'unsigned long'
| `-BuiltinType 0x5ffb0e718be0 'unsigned long'
|-TypedefDecl 0x5ffb0e79a830 <line:203:1, col:19> col:19 __loff_t '__off64_t':'long'
| `-ElaboratedType 0x5ffb0e79a7e0 '__off64_t' sugar
|   `-TypedefType 0x5ffb0e79a7b0 '__off64_t' sugar
|     |-Typedef 0x5ffb0e799a68 '__off64_t'
|     `-BuiltinType 0x5ffb0e718b40 'long'
|-TypedefDecl 0x5ffb0e79a8a0 <line:204:1, col:15> col:15 __caddr_t 'char *'
| `-PointerType 0x5ffb0e719620 'char *'
|   `-BuiltinType 0x5ffb0e718ac0 'char'
|-TypedefDecl 0x5ffb0e79a910 <line:137:22, line:207:25> col:25 __intptr_t 'long'
| `-BuiltinType 0x5ffb0e718b40 'long'
|-TypedefDecl 0x5ffb0e79a980 <line:137:22, line:210:23> col:23 __socklen_t 'unsigned int'
| `-BuiltinType 0x5ffb0e718bc0 'unsigned int'
|-TypedefDecl 0x5ffb0e79a9f0 <line:215:1, col:13> col:13 __sig_atomic_t 'int'
| `-BuiltinType 0x5ffb0e718b20 'int'
|-RecordDecl 0x5ffb0e79aa48 </usr/include/x86_64-linux-gnu/bits/types/__mbstate_t.h:13:9, line:21:1> line:13:9 struct definition
| |-FieldDecl 0x5ffb0e79ab08 <line:15:3, col:7> col:7 __count 'int'
| |-RecordDecl 0x5ffb0e79ab58 <line:16:3, line:20:3> line:16:3 union definition
| | |-FieldDecl 0x5ffb0e79ac18 <<built-in>:113:23, /usr/include/x86_64-linux-gnu/bits/types/__mbstate_t.h:18:19> col:19 __wch 'unsigned int'
| | `-FieldDecl 0x5ffb0e79ad10 <line:19:5, col:18> col:10 __wchb 'char[4]'
| `-FieldDecl 0x5ffb0e79adb8 <line:16:3, line:20:5> col:5 __value 'union (unnamed union at /usr/include/x86_64-linux-gnu/bits/types/__mbstate_t.h:16:3)':'union __mbstate_t::(unnamed at /usr/include/x86_64-linux-gnu/bits/types/__mbstate_t.h:16:3)'
|-TypedefDecl 0x5ffb0e79ae68 <line:13:1, line:21:3> col:3 referenced __mbstate_t 'struct __mbstate_t':'__mbstate_t'
| `-ElaboratedType 0x5ffb0e79ae10 'struct __mbstate_t' sugar
|   `-RecordType 0x5ffb0e79aad0 '__mbstate_t'
|     `-Record 0x5ffb0e79aa48 ''
|-RecordDecl 0x5ffb0e79aed8 </usr/include/x86_64-linux-gnu/bits/types/__fpos_t.h:10:9, line:14:1> line:10:16 struct _G_fpos_t definition
| |-FieldDecl 0x5ffb0e79aff0 <line:12:3, col:11> col:11 __pos '__off_t':'long'
| `-FieldDecl 0x5ffb0e79b0b0 <line:13:3, col:15> col:15 __state '__mbstate_t'
|-TypedefDecl 0x5ffb0e79b158 <line:10:1, line:14:3> col:3 referenced __fpos_t 'struct _G_fpos_t'
| `-ElaboratedType 0x5ffb0e79b100 'struct _G_fpos_t' sugar
|   `-RecordType 0x5ffb0e79af60 'struct _G_fpos_t'
|     `-Record 0x5ffb0e79aed8 '_G_fpos_t'
|-RecordDecl 0x5ffb0e79b1c8 </usr/include/x86_64-linux-gnu/bits/types/__fpos64_t.h:10:9, line:14:1> line:10:16 struct _G_fpos64_t definition
| |-FieldDecl 0x5ffb0e79b280 <line:12:3, col:13> col:13 __pos '__off64_t':'long'
| `-FieldDecl 0x5ffb0e79b2e0 <line:13:3, col:15> col:15 __state '__mbstate_t'
|-TypedefDecl 0x5ffb0e79b388 <line:10:1, line:14:3> col:3 __fpos64_t 'struct _G_fpos64_t'
| `-ElaboratedType 0x5ffb0e79b330 'struct _G_fpos64_t' sugar
|   `-RecordType 0x5ffb0e79b250 'struct _G_fpos64_t'
|     `-Record 0x5ffb0e79b1c8 '_G_fpos64_t'
|-RecordDecl 0x5ffb0e79b3f8 </usr/include/x86_64-linux-gnu/bits/types/__FILE.h:4:1, col:8> col:8 struct _IO_FILE
|-TypedefDecl 0x5ffb0e79b4f0 <line:5:1, col:25> col:25 __FILE 'struct _IO_FILE'
| `-ElaboratedType 0x5ffb0e79b4a0 'struct _IO_FILE' sugar
|   `-RecordType 0x5ffb0e79b480 'struct _IO_FILE'
|     `-Record 0x5ffb0e79f1d8 '_IO_FILE'
|-RecordDecl 0x5ffb0e79b548 prev 0x5ffb0e79b3f8 </usr/include/x86_64-linux-gnu/bits/types/FILE.h:4:1, col:8> col:8 struct _IO_FILE
|-TypedefDecl 0x5ffb0e79b5e8 <line:7:1, col:25> col:25 referenced FILE 'struct _IO_FILE'
| `-ElaboratedType 0x5ffb0e79b4a0 'struct _IO_FILE' sugar
|   `-RecordType 0x5ffb0e79b480 'struct _IO_FILE'
|     `-Record 0x5ffb0e79f1d8 '_IO_FILE'
|-RecordDecl 0x5ffb0e79b640 prev 0x5ffb0e79b548 </usr/include/x86_64-linux-gnu/bits/types/struct_FILE.h:35:1, col:8> col:8 struct _IO_FILE
|-RecordDecl 0x5ffb0e79b6c0 <line:36:1, col:8> col:8 struct _IO_marker
|-RecordDecl 0x5ffb0e79b760 <line:37:1, col:8> col:8 struct _IO_codecvt
|-RecordDecl 0x5ffb0e79f0d0 <line:38:1, col:8> col:8 struct _IO_wide_data
|-TypedefDecl 0x5ffb0e79f180 <line:43:1, col:14> col:14 referenced _IO_lock_t 'void'
| `-BuiltinType 0x5ffb0e718a80 'void'
|-RecordDecl 0x5ffb0e79f1d8 prev 0x5ffb0e79b640 <line:49:1, line:99:1> line:49:8 struct _IO_FILE definition
| |-FieldDecl 0x5ffb0e79f270 <line:51:3, col:7> col:7 _flags 'int'
| |-FieldDecl 0x5ffb0e79f2d8 <line:54:3, col:9> col:9 _IO_read_ptr 'char *'
| |-FieldDecl 0x5ffb0e79f340 <line:55:3, col:9> col:9 _IO_read_end 'char *'
| |-FieldDecl 0x5ffb0e79f3a8 <line:56:3, col:9> col:9 _IO_read_base 'char *'
| |-FieldDecl 0x5ffb0e79f410 <line:57:3, col:9> col:9 _IO_write_base 'char *'
| |-FieldDecl 0x5ffb0e79f478 <line:58:3, col:9> col:9 _IO_write_ptr 'char *'
| |-FieldDecl 0x5ffb0e79f4e0 <line:59:3, col:9> col:9 _IO_write_end 'char *'
| |-FieldDecl 0x5ffb0e79f548 <line:60:3, col:9> col:9 _IO_buf_base 'char *'
| |-FieldDecl 0x5ffb0e79f5b0 <line:61:3, col:9> col:9 _IO_buf_end 'char *'
| |-FieldDecl 0x5ffb0e79f618 <line:64:3, col:9> col:9 _IO_save_base 'char *'
| |-FieldDecl 0x5ffb0e79f680 <line:65:3, col:9> col:9 _IO_backup_base 'char *'
| |-FieldDecl 0x5ffb0e79f6e8 <line:66:3, col:9> col:9 _IO_save_end 'char *'
| |-FieldDecl 0x5ffb0e79f7f8 <line:68:3, col:22> col:22 _markers 'struct _IO_marker *'
| |-FieldDecl 0x5ffb0e79f8d8 <line:70:3, col:20> col:20 _chain 'struct _IO_FILE *'
| |-FieldDecl 0x5ffb0e79f940 <line:72:3, col:7> col:7 _fileno 'int'
| |-FieldDecl 0x5ffb0e79f9a8 <line:73:3, col:7> col:7 _flags2 'int'
| |-FieldDecl 0x5ffb0e79fa08 <line:74:3, col:11> col:11 _old_offset '__off_t':'long'
| |-FieldDecl 0x5ffb0e79fa70 <line:77:3, col:18> col:18 _cur_column 'unsigned short'
| |-FieldDecl 0x5ffb0e79fad8 <line:78:3, col:15> col:15 _vtable_offset 'signed char'
| |-FieldDecl 0x5ffb0e79fbd0 <line:79:3, col:19> col:8 _shortbuf 'char[1]'
| |-FieldDecl 0x5ffb0e79fcc8 <line:81:3, col:15> col:15 _lock '_IO_lock_t *'
| |-FieldDecl 0x5ffb0e79fd28 <line:89:3, col:13> col:13 _offset '__off64_t':'long'
| |-FieldDecl 0x5ffb0e79fe38 <line:91:3, col:23> col:23 _codecvt 'struct _IO_codecvt *'
| |-FieldDecl 0x5ffb0e79ff48 <line:92:3, col:25> col:25 _wide_data 'struct _IO_wide_data *'
| |-FieldDecl 0x5ffb0e79ffc0 <line:93:3, col:20> col:20 _freeres_list 'struct _IO_FILE *'
| |-FieldDecl 0x5ffb0e7a0028 <line:94:3, col:9> col:9 _freeres_buf 'void *'
| |-FieldDecl 0x5ffb0e7a0120 <line:95:3, col:10> col:10 __pad5 'size_t':'unsigned long'
| |-FieldDecl 0x5ffb0e7a0188 <line:96:3, col:7> col:7 _mode 'int'
| `-FieldDecl 0x5ffb0e7a03f0 <line:98:3, col:74> col:8 _unused2 'char[20]'
|-TypedefDecl 0x5ffb0e7a06f0 </usr/include/x86_64-linux-gnu/bits/types/cookie_io_functions_t.h:27:1, line:28:58> line:27:19 referenced cookie_read_function_t '__ssize_t (void *, char *, size_t)'
| `-FunctionProtoType 0x5ffb0e7a0670 '__ssize_t (void *, char *, size_t)' cdecl
|   |-ElaboratedType 0x5ffb0e7a0470 '__ssize_t' sugar
|   | `-TypedefType 0x5ffb0e7a0440 '__ssize_t' sugar
|   |   |-Typedef 0x5ffb0e79a670 '__ssize_t'
|   |   `-BuiltinType 0x5ffb0e718b40 'long'
|   |-PointerType 0x5ffb0e7191a0 'void *'
|   | `-BuiltinType 0x5ffb0e718a80 'void'
|   |-PointerType 0x5ffb0e719620 'char *'
|   | `-BuiltinType 0x5ffb0e718ac0 'char'
|   `-ElaboratedType 0x5ffb0e7a00e0 'size_t' sugar
|     `-TypedefType 0x5ffb0e7a0080 'size_t' sugar
|       |-Typedef 0x5ffb0e78e970 'size_t'
|       `-BuiltinType 0x5ffb0e718be0 'unsigned long'
|-TypedefDecl 0x5ffb0e7a0990 <line:36:1, line:37:59> line:36:19 referenced cookie_write_function_t '__ssize_t (void *, const char *, size_t)'
| `-FunctionProtoType 0x5ffb0e7a0910 '__ssize_t (void *, const char *, size_t)' cdecl
|   |-ElaboratedType 0x5ffb0e7a0470 '__ssize_t' sugar
|   | `-TypedefType 0x5ffb0e7a0440 '__ssize_t' sugar
|   |   |-Typedef 0x5ffb0e79a670 '__ssize_t'
|   |   `-BuiltinType 0x5ffb0e718b40 'long'
|   |-PointerType 0x5ffb0e7191a0 'void *'
|   | `-BuiltinType 0x5ffb0e718a80 'void'
|   |-PointerType 0x5ffb0e719440 'const char *'
|   | `-QualType 0x5ffb0e718ac1 'const char' const
|   |   `-BuiltinType 0x5ffb0e718ac0 'char'
|   `-ElaboratedType 0x5ffb0e7a00e0 'size_t' sugar
|     `-TypedefType 0x5ffb0e7a0080 'size_t' sugar
|       |-Typedef 0x5ffb0e78e970 'size_t'
|       `-BuiltinType 0x5ffb0e718be0 'unsigned long'
|-TypedefDecl 0x5ffb0e7a0ca8 <line:45:1, col:78> col:13 referenced cookie_seek_function_t 'int (void *, __off64_t *, int)'
| `-FunctionProtoType 0x5ffb0e7a0c20 'int (void *, __off64_t *, int)' cdecl
|   |-BuiltinType 0x5ffb0e718b20 'int'
|   |-PointerType 0x5ffb0e7191a0 'void *'
|   | `-BuiltinType 0x5ffb0e718a80 'void'
|   |-PointerType 0x5ffb0e7a0aa0 '__off64_t *'
|   | `-ElaboratedType 0x5ffb0e79a7e0 '__off64_t' sugar
|   |   `-TypedefType 0x5ffb0e79a7b0 '__off64_t' sugar
|   |     |-Typedef 0x5ffb0e799a68 '__off64_t'
|   |     `-BuiltinType 0x5ffb0e718b40 'long'
|   `-BuiltinType 0x5ffb0e718b20 'int'
|-TypedefDecl 0x5ffb0e7a0de8 <line:48:1, col:52> col:13 referenced cookie_close_function_t 'int (void *)'
| `-FunctionProtoType 0x5ffb0e7a0d80 'int (void *)' cdecl
|   |-BuiltinType 0x5ffb0e718b20 'int'
|   `-PointerType 0x5ffb0e7191a0 'void *'
|     `-BuiltinType 0x5ffb0e718a80 'void'
|-RecordDecl 0x5ffb0e7a0e40 <line:55:9, line:61:1> line:55:16 struct _IO_cookie_io_functions_t definition
| |-FieldDecl 0x5ffb0e7a0fb8 <line:57:3, col:27> col:27 read 'cookie_read_function_t *'
| |-FieldDecl 0x5ffb0e7a4a98 <line:58:3, col:28> col:28 write 'cookie_write_function_t *'
| |-FieldDecl 0x5ffb0e7a4bc8 <line:59:3, col:27> col:27 seek 'cookie_seek_function_t *'
| `-FieldDecl 0x5ffb0e7a4cf8 <line:60:3, col:28> col:28 close 'cookie_close_function_t *'
|-TypedefDecl 0x5ffb0e7a4da8 <line:55:1, line:61:3> col:3 referenced cookie_io_functions_t 'struct _IO_cookie_io_functions_t'
| `-ElaboratedType 0x5ffb0e7a4d50 'struct _IO_cookie_io_functions_t' sugar
|   `-RecordType 0x5ffb0e7a0ec0 'struct _IO_cookie_io_functions_t'
|     `-Record 0x5ffb0e7a0e40 '_IO_cookie_io_functions_t'
|-TypedefDecl 0x5ffb0e7a4e90 </usr/include/stdio.h:53:1, col:24> col:24 va_list '__gnuc_va_list':'struct __va_list_tag[1]'
| `-ElaboratedType 0x5ffb0e7a4e50 '__gnuc_va_list' sugar
|   `-TypedefType 0x5ffb0e7a4e20 '__gnuc_va_list' sugar
|     |-Typedef 0x5ffb0e78ea40 '__gnuc_va_list'
|     `-ElaboratedType 0x5ffb0e78ea00 '__builtin_va_list' sugar
|       `-TypedefType 0x5ffb0e78e9d0 '__builtin_va_list' sugar
|         |-Typedef 0x5ffb0e719960 '__builtin_va_list'
|         `-ConstantArrayType 0x5ffb0e719900 'struct __va_list_tag[1]' 1 
|           `-RecordType 0x5ffb0e719740 'struct __va_list_tag'
|             `-Record 0x5ffb0e7196c0 '__va_list_tag'
|-TypedefDecl 0x5ffb0e7a4ef8 <line:64:1, col:17> col:17 off_t '__off_t':'long'
| `-ElaboratedType 0x5ffb0e79afb0 '__off_t' sugar
|   `-TypedefType 0x5ffb0e79af80 '__off_t' sugar
|     |-Typedef 0x5ffb0e7999f8 '__off_t'
|     `-BuiltinType 0x5ffb0e718b40 'long'
|-TypedefDecl 0x5ffb0e7a4f60 <line:78:1, col:19> col:19 ssize_t '__ssize_t':'long'
| `-ElaboratedType 0x5ffb0e7a0470 '__ssize_t' sugar
|   `-TypedefType 0x5ffb0e7a0440 '__ssize_t' sugar
|     |-Typedef 0x5ffb0e79a670 '__ssize_t'
|     `-BuiltinType 0x5ffb0e718b40 'long'
|-TypedefDecl 0x5ffb0e7a5030 <line:85:1, col:18> col:18 referenced fpos_t '__fpos_t':'struct _G_fpos_t'
| `-ElaboratedType 0x5ffb0e7a4ff0 '__fpos_t' sugar
|   `-TypedefType 0x5ffb0e7a4fc0 '__fpos_t' sugar
|     |-Typedef 0x5ffb0e79b158 '__fpos_t'
|     `-ElaboratedType 0x5ffb0e79b100 'struct _G_fpos_t' sugar
|       `-RecordType 0x5ffb0e79af60 'struct _G_fpos_t'
|         `-Record 0x5ffb0e79aed8 '_G_fpos_t'
|-VarDecl 0x5ffb0e7a5138 <line:149:1, col:14> col:14 stdin 'FILE *' extern
|-VarDecl 0x5ffb0e7a5200 <line:150:1, col:14> col:14 stdout 'FILE *' extern
|-VarDecl 0x5ffb0e7a5280 <line:151:1, col:14> col:14 stderr 'FILE *' extern
|-FunctionDecl 0x5ffb0e7a53d8 <line:158:1, /usr/include/x86_64-linux-gnu/sys/cdefs.h:79:54> /usr/include/stdio.h:158:12 remove 'int (const char *)' extern
| |-ParmVarDecl 0x5ffb0e7a5300 <col:20, col:32> col:32 __filename 'const char *'
| `-NoThrowAttr 0x5ffb0e7a5488 </usr/include/x86_64-linux-gnu/sys/cdefs.h:79:35>
|-FunctionDecl 0x5ffb0e7a5658 </usr/include/stdio.h:160:1, /usr/include/x86_64-linux-gnu/sys/cdefs.h:79:54> /usr/include/stdio.h:160:12 rename 'int (const char *, const char *)' extern
| |-ParmVarDecl 0x5ffb0e7a54f8 <col:20, col:32> col:32 __old 'const char *'
| |-ParmVarDecl 0x5ffb0e7a5578 <col:39, col:51> col:51 __new 'const char *'
| `-NoThrowAttr 0x5ffb0e7a5710 </usr/include/x86_64-linux-gnu/sys/cdefs.h:79:35>
|-FunctionDecl 0x5ffb0e7a9760 </usr/include/stdio.h:164:1, /usr/include/x86_64-linux-gnu/sys/cdefs.h:79:54> /usr/include/stdio.h:164:12 renameat 'int (int, const char *, int, const char *)' extern
| |-ParmVarDecl 0x5ffb0e7a5780 <col:22, col:26> col:26 __oldfd 'int'
| |-ParmVarDecl 0x5ffb0e7a5800 <col:35, col:47> col:47 __old 'const char *'
| |-ParmVarDecl 0x5ffb0e7a5880 <col:54, col:58> col:58 __newfd 'int'
| |-ParmVarDecl 0x5ffb0e7a5900 <line:165:8, col:20> col:20 __new 'const char *'
| `-NoThrowAttr 0x5ffb0e7a9828 </usr/include/x86_64-linux-gnu/sys/cdefs.h:79:35>
|-FunctionDecl 0x5ffb0e7a99c8 </usr/include/stdio.h:184:1, /usr/include/x86_64-linux-gnu/sys/cdefs.h:401:76> /usr/include/stdio.h:184:12 fclose 'int (FILE *)' extern
| |-ParmVarDecl 0x5ffb0e7a9898 <col:20, col:26> col:26 __stream 'FILE *'
| `-NonNullAttr 0x5ffb0e7a9a78 </usr/include/x86_64-linux-gnu/sys/cdefs.h:401:57, /usr/include/stdio.h:184:49> 1
|-FunctionDecl 0x5ffb0e7a9be8 <line:194:1, /usr/include/x86_64-linux-gnu/sys/cdefs.h:298:58> /usr/include/stdio.h:194:14 tmpfile 'FILE *(void)' extern
| `-RestrictAttr 0x5ffb0e7a9c90 </usr/include/x86_64-linux-gnu/sys/cdefs.h:298:47> malloc
|-FunctionDecl 0x5ffb0e7a9e98 </usr/include/stdio.h:211:1, /usr/include/x86_64-linux-gnu/sys/cdefs.h:79:54> /usr/include/stdio.h:211:14 tmpnam 'char *(char *)' extern
| |-ParmVarDecl 0x5ffb0e7a9d80 <col:22, col:35> col:26 'char *'
| `-NoThrowAttr 0x5ffb0e7a9f48 </usr/include/x86_64-linux-gnu/sys/cdefs.h:79:35>
|-FunctionDecl 0x5ffb0e7aa098 </usr/include/stdio.h:216:1, /usr/include/x86_64-linux-gnu/sys/cdefs.h:79:54> /usr/include/stdio.h:216:14 tmpnam_r 'char *(char *)' extern
| |-ParmVarDecl 0x5ffb0e7aa000 <col:24, col:41> col:29 __s 'char *'
| `-NoThrowAttr 0x5ffb0e7aa148 </usr/include/x86_64-linux-gnu/sys/cdefs.h:79:35>
|-FunctionDecl 0x5ffb0e7aa318 </usr/include/stdio.h:228:1, /usr/include/x86_64-linux-gnu/sys/cdefs.h:298:58> /usr/include/stdio.h:228:14 tempnam 'char *(const char *, const char *)' extern
| |-ParmVarDecl 0x5ffb0e7aa1b8 <col:23, col:35> col:35 __dir 'const char *'
| |-ParmVarDecl 0x5ffb0e7aa238 <col:42, col:54> col:54 __pfx 'const char *'
| |-NoThrowAttr 0x5ffb0e7aa3d0 </usr/include/x86_64-linux-gnu/sys/cdefs.h:79:35>
| `-RestrictAttr 0x5ffb0e7aa428 <line:298:47> malloc
|-FunctionDecl 0x5ffb0e7aa500 </usr/include/stdio.h:236:1, col:34> col:12 fflush 'int (FILE *)' extern
| `-ParmVarDecl 0x5ffb0e7aa468 <col:20, col:26> col:26 __stream 'FILE *'
|-FunctionDecl 0x5ffb0e7aa660 <line:245:1, col:43> col:12 fflush_unlocked 'int (FILE *)' extern
| `-ParmVarDecl 0x5ffb0e7aa5c8 <col:29, col:35> col:35 __stream 'FILE *'
|-FunctionDecl 0x5ffb0e7aa990 <line:264:14> col:14 implicit fopen 'FILE *(const char *, const char *)' extern
| |-ParmVarDecl 0x5ffb0e7aaa90 <<invalid sloc>> <invalid sloc> 'const char *'
| |-ParmVarDecl 0x5ffb0e7aaaf8 <<invalid sloc>> <invalid sloc> 'const char *'
| `-BuiltinAttr 0x5ffb0e7aaa38 <<invalid sloc>> Implicit 915
|-FunctionDecl 0x5ffb0e7aab70 prev 0x5ffb0e7aa990 <col:1, /usr/include/x86_64-linux-gnu/sys/cdefs.h:298:58> /usr/include/stdio.h:264:14 fopen 'FILE *(const char *, const char *)' extern
| |-ParmVarDecl 0x5ffb0e7aa770 <col:21, col:44> col:44 __filename 'const char *restrict'
| |-ParmVarDecl 0x5ffb0e7aa7f0 <line:265:7, col:30> col:30 __modes 'const char *restrict'
| |-BuiltinAttr 0x5ffb0e7aac80 <<invalid sloc>> Inherited Implicit 915
| `-RestrictAttr 0x5ffb0e7aac28 </usr/include/x86_64-linux-gnu/sys/cdefs.h:298:47> malloc
|-FunctionDecl 0x5ffb0e7aaf28 </usr/include/stdio.h:271:1, /usr/include/x86_64-linux-gnu/sys/cdefs.h:401:76> /usr/include/stdio.h:271:14 freopen 'FILE *(const char *restrict, const char *restrict, FILE *restrict)' extern
| |-ParmVarDecl 0x5ffb0e7aacc0 <col:23, col:46> col:46 __filename 'const char *restrict'
| |-ParmVarDecl 0x5ffb0e7aad40 <line:272:9, col:32> col:32 __modes 'const char *restrict'
| |-ParmVarDecl 0x5ffb0e7aadc0 <line:273:9, col:26> col:26 __stream 'FILE *restrict'
| `-NonNullAttr 0x5ffb0e7aafe8 </usr/include/x86_64-linux-gnu/sys/cdefs.h:401:57, /usr/include/stdio.h:273:55> 3
|-FunctionDecl 0x5ffb0e7ab218 <line:299:1, /usr/include/x86_64-linux-gnu/sys/cdefs.h:298:58> /usr/include/stdio.h:299:14 fdopen 'FILE *(int, const char *)' extern
| |-ParmVarDecl 0x5ffb0e7ab070 <col:22, col:26> col:26 __fd 'int'
| |-ParmVarDecl 0x5ffb0e7ab0f0 <col:32, col:44> col:44 __modes 'const char *'
| |-NoThrowAttr 0x5ffb0e7ab2d0 </usr/include/x86_64-linux-gnu/sys/cdefs.h:79:35>
| `-RestrictAttr 0x5ffb0e7ab328 <line:298:47> malloc
|-FunctionDecl 0x5ffb0e7ab608 </usr/include/stdio.h:306:1, /usr/include/x86_64-linux-gnu/sys/cdefs.h:298:58> /usr/include/stdio.h:306:14 fopencookie 'FILE *(void *restrict, const char *restrict, cookie_io_functions_t)' extern
| |-ParmVarDecl 0x5ffb0e7ab368 <col:27, col:44> col:44 __magic_cookie 'void *restrict'
| |-ParmVarDecl 0x5ffb0e7ab3e8 <line:307:6, col:29> col:29 __modes 'const char *restrict'
| |-ParmVarDecl 0x5ffb0e7ab4c0 <line:308:6, col:28> col:28 __io_funcs 'cookie_io_functions_t':'struct _IO_cookie_io_functions_t'
| |-NoThrowAttr 0x5ffb0e7ab6c8 </usr/include/x86_64-linux-gnu/sys/cdefs.h:79:35>
| `-RestrictAttr 0x5ffb0e7ab720 <line:298:47> malloc
|-FunctionDecl 0x5ffb0e7ab9b8 </usr/include/stdio.h:314:1, /usr/include/x86_64-linux-gnu/sys/cdefs.h:298:58> /usr/include/stdio.h:314:14 fmemopen 'FILE *(void *, size_t, const char *)' extern
| |-ParmVarDecl 0x5ffb0e7ab780 <col:24, col:30> col:30 __s 'void *'
| |-ParmVarDecl 0x5ffb0e7ab7f8 <col:35, col:42> col:42 __len 'size_t':'unsigned long'
| |-ParmVarDecl 0x5ffb0e7ab878 <col:49, col:61> col:61 __modes 'const char *'
| |-NoThrowAttr 0x5ffb0e7aba78 </usr/include/x86_64-linux-gnu/sys/cdefs.h:79:35>
| `-RestrictAttr 0x5ffb0e7abad0 <line:298:47> malloc
|-FunctionDecl 0x5ffb0e7abd48 </usr/include/stdio.h:320:1, /usr/include/x86_64-linux-gnu/sys/cdefs.h:298:58> /usr/include/stdio.h:320:14 open_memstream 'FILE *(char **, size_t *)' extern
| |-ParmVarDecl 0x5ffb0e7abb48 <col:30, col:37> col:37 __bufloc 'char **'
| |-ParmVarDecl 0x5ffb0e7abc28 <col:47, col:55> col:55 __sizeloc 'size_t *'
| |-NoThrowAttr 0x5ffb0e7abe00 </usr/include/x86_64-linux-gnu/sys/cdefs.h:79:35>
| `-RestrictAttr 0x5ffb0e7abe58 <line:298:47> malloc
|-FunctionDecl 0x5ffb0e7ac050 </usr/include/stdio.h:334:1, /usr/include/x86_64-linux-gnu/sys/cdefs.h:401:76> /usr/include/stdio.h:334:13 setbuf 'void (FILE *restrict, char *restrict)' extern
| |-ParmVarDecl 0x5ffb0e7abe98 <col:21, col:38> col:38 __stream 'FILE *restrict'
| |-ParmVarDecl 0x5ffb0e7abf18 <col:48, col:65> col:65 __buf 'char *restrict'
| |-NoThrowAttr 0x5ffb0e7ac108 </usr/include/x86_64-linux-gnu/sys/cdefs.h:79:35>
| `-NonNullAttr 0x5ffb0e7ac160 <line:401:57, /usr/include/stdio.h:335:16> 1
|-FunctionDecl 0x5ffb0e7ac498 <line:339:1, /usr/include/x86_64-linux-gnu/sys/cdefs.h:401:76> /usr/include/stdio.h:339:12 setvbuf 'int (FILE *restrict, char *restrict, int, size_t)' extern
| |-ParmVarDecl 0x5ffb0e7ac1b0 <col:21, col:38> col:38 __stream 'FILE *restrict'
| |-ParmVarDecl 0x5ffb0e7ac230 <col:48, col:65> col:65 __buf 'char *restrict'
| |-ParmVarDecl 0x5ffb0e7ac2b0 <line:340:7, col:11> col:11 __modes 'int'
| |-ParmVarDecl 0x5ffb0e7ac328 <col:20, col:27> col:27 __n 'size_t':'unsigned long'
| |-NoThrowAttr 0x5ffb0e7ac560 </usr/include/x86_64-linux-gnu/sys/cdefs.h:79:35>
| `-NonNullAttr 0x5ffb0e7ac5b8 <line:401:57, /usr/include/stdio.h:340:53> 1
|-FunctionDecl 0x5ffb0e789780 <line:345:1, /usr/include/x86_64-linux-gnu/sys/cdefs.h:401:76> /usr/include/stdio.h:345:13 setbuffer 'void (FILE *restrict, char *restrict, size_t)' extern
| |-ParmVarDecl 0x5ffb0e7ac610 <col:24, col:41> col:41 __stream 'FILE *restrict'
| |-ParmVarDecl 0x5ffb0e7ac690 <col:51, col:68> col:68 __buf 'char *restrict'
| |-ParmVarDecl 0x5ffb0e7ac708 <line:346:10, col:17> col:17 __size 'size_t':'unsigned long'
| |-NoThrowAttr 0x5ffb0e789840 </usr/include/x86_64-linux-gnu/sys/cdefs.h:79:35>
| `-NonNullAttr 0x5ffb0e789898 <line:401:57, /usr/include/stdio.h:346:46> 1
|-FunctionDecl 0x5ffb0e789a20 <line:349:1, /usr/include/x86_64-linux-gnu/sys/cdefs.h:401:76> /usr/include/stdio.h:349:13 setlinebuf 'void (FILE *)' extern
| |-ParmVarDecl 0x5ffb0e7898f0 <col:25, col:31> col:31 __stream 'FILE *'
| |-NoThrowAttr 0x5ffb0e789ad0 </usr/include/x86_64-linux-gnu/sys/cdefs.h:79:35>
| `-NonNullAttr 0x5ffb0e789b28 <line:401:57, /usr/include/stdio.h:349:62> 1
|-FunctionDecl 0x5ffb0e789da8 <line:357:12> col:12 implicit fprintf 'int (FILE *, const char *, ...)' extern
| |-ParmVarDecl 0x5ffb0e789ea8 <<invalid sloc>> <invalid sloc> 'FILE *'
| |-ParmVarDecl 0x5ffb0e789f10 <<invalid sloc>> <invalid sloc> 'const char *'
| |-BuiltinAttr 0x5ffb0e789e50 <<invalid sloc>> Implicit 902
| `-FormatAttr 0x5ffb0e789f88 <col:12> Implicit printf 2 3
|-FunctionDecl 0x5ffb0e789fc0 prev 0x5ffb0e789da8 <col:1, /usr/include/x86_64-linux-gnu/sys/cdefs.h:401:76> /usr/include/stdio.h:357:12 fprintf 'int (FILE *, const char *, ...)' extern
| |-ParmVarDecl 0x5ffb0e789b80 <col:21, col:38> col:38 __stream 'FILE *restrict'
| |-ParmVarDecl 0x5ffb0e789c00 <line:358:7, col:30> col:30 __format 'const char *restrict'
| |-BuiltinAttr 0x5ffb0e78a0e8 <<invalid sloc>> Inherited Implicit 902
| |-FormatAttr 0x5ffb0e78a110 <line:357:12> Inherited printf 2 3
| `-NonNullAttr 0x5ffb0e78a078 </usr/include/x86_64-linux-gnu/sys/cdefs.h:401:57, /usr/include/stdio.h:358:58> 1
|-FunctionDecl 0x5ffb0e78a280 <line:363:12> col:12 implicit used printf 'int (const char *, ...)' extern
| |-ParmVarDecl 0x5ffb0e78a380 <<invalid sloc>> <invalid sloc> 'const char *'
| |-BuiltinAttr 0x5ffb0e78a328 <<invalid sloc>> Implicit 901
| `-FormatAttr 0x5ffb0e78a3f0 <col:12> Implicit printf 1 2
|-FunctionDecl 0x5ffb0e78a428 prev 0x5ffb0e78a280 <col:1, col:56> col:12 used printf 'int (const char *, ...)' extern
| |-ParmVarDecl 0x5ffb0e78a160 <col:20, col:43> col:43 __format 'const char *restrict'
| |-BuiltinAttr 0x5ffb0e78a508 <<invalid sloc>> Inherited Implicit 901
| `-FormatAttr 0x5ffb0e78a530 <col:12> Inherited printf 1 2
|-FunctionDecl 0x5ffb0e78a770 <line:365:12> col:12 implicit sprintf 'int (char *, const char *, ...)' extern
| |-ParmVarDecl 0x5ffb0e78a870 <<invalid sloc>> <invalid sloc> 'char *'
| |-ParmVarDecl 0x5ffb0e78a8d8 <<invalid sloc>> <invalid sloc> 'const char *'
| |-BuiltinAttr 0x5ffb0e78a818 <<invalid sloc>> Implicit 904
| `-FormatAttr 0x5ffb0e78a950 <col:12> Implicit printf 2 3
|-FunctionDecl 0x5ffb0e78a988 prev 0x5ffb0e78a770 <col:1, /usr/include/x86_64-linux-gnu/sys/cdefs.h:80:49> /usr/include/stdio.h:365:12 sprintf 'int (char *, const char *, ...)' extern
| |-ParmVarDecl 0x5ffb0e78a580 <col:21, col:38> col:38 __s 'char *restrict'
| |-ParmVarDecl 0x5ffb0e78a600 <line:366:7, col:30> col:30 __format 'const char *restrict'
| |-BuiltinAttr 0x5ffb0e78aa98 <<invalid sloc>> Inherited Implicit 904
| |-FormatAttr 0x5ffb0e78aac0 <line:365:12> Inherited printf 2 3
| `-NoThrowAttr 0x5ffb0e78aa40 </usr/include/x86_64-linux-gnu/sys/cdefs.h:80:37>
|-FunctionDecl 0x5ffb0e78ae28 </usr/include/stdio.h:372:12> col:12 implicit vfprintf 'int (FILE *, const char *, struct __va_list_tag *)' extern
| |-ParmVarDecl 0x5ffb0e78af28 <<invalid sloc>> <invalid sloc> 'FILE *'
| |-ParmVarDecl 0x5ffb0e78af90 <<invalid sloc>> <invalid sloc> 'const char *'
| |-ParmVarDecl 0x5ffb0e78aff8 <<invalid sloc>> <invalid sloc> 'struct __va_list_tag *'
| |-BuiltinAttr 0x5ffb0e78aed0 <<invalid sloc>> Implicit 906
| `-FormatAttr 0x5ffb0e78b078 <col:12> Implicit printf 2 0
|-FunctionDecl 0x5ffb0e78b0b0 prev 0x5ffb0e78ae28 <col:1, /usr/include/x86_64-linux-gnu/sys/cdefs.h:401:76> /usr/include/stdio.h:372:12 vfprintf 'int (FILE *, const char *, struct __va_list_tag *)' extern
| |-ParmVarDecl 0x5ffb0e78ab10 <col:22, col:39> col:39 __s 'FILE *restrict'
| |-ParmVarDecl 0x5ffb0e78ab90 <col:44, col:67> col:67 __format 'const char *restrict'
| |-ParmVarDecl 0x5ffb0e78ac70 <line:373:8, col:23> col:23 __arg 'struct __va_list_tag *'
| |-BuiltinAttr 0x5ffb0e78b1d8 <<invalid sloc>> Inherited Implicit 906
| |-FormatAttr 0x5ffb0e78b200 <line:372:12> Inherited printf 2 0
| `-NonNullAttr 0x5ffb0e78b170 </usr/include/x86_64-linux-gnu/sys/cdefs.h:401:57, /usr/include/stdio.h:373:43> 1
|-FunctionDecl 0x5ffb0e78b3e8 <line:378:12> col:12 implicit vprintf 'int (const char *, struct __va_list_tag *)' extern
| |-ParmVarDecl 0x5ffb0e78b4e8 <<invalid sloc>> <invalid sloc> 'const char *'
| |-ParmVarDecl 0x5ffb0e78b550 <<invalid sloc>> <invalid sloc> 'struct __va_list_tag *'
| |-BuiltinAttr 0x5ffb0e78b490 <<invalid sloc>> Implicit 905
| `-FormatAttr 0x5ffb0e78b5c8 <col:12> Implicit printf 1 0
|-FunctionDecl 0x5ffb0e7b2780 prev 0x5ffb0e78b3e8 <col:1, col:74> col:12 vprintf 'int (const char *, struct __va_list_tag *)' extern
| |-ParmVarDecl 0x5ffb0e78b250 <col:21, col:44> col:44 __format 'const char *restrict'
| |-ParmVarDecl 0x5ffb0e78b2c8 <col:54, col:69> col:69 __arg 'struct __va_list_tag *'
| |-BuiltinAttr 0x5ffb0e7b2868 <<invalid sloc>> Inherited Implicit 905
| `-FormatAttr 0x5ffb0e7b2890 <col:12> Inherited printf 1 0
|-FunctionDecl 0x5ffb0e7b2b18 <line:380:12> col:12 implicit vsprintf 'int (char *, const char *, struct __va_list_tag *)' extern
| |-ParmVarDecl 0x5ffb0e7b2c18 <<invalid sloc>> <invalid sloc> 'char *'
| |-ParmVarDecl 0x5ffb0e7b2c80 <<invalid sloc>> <invalid sloc> 'const char *'
| |-ParmVarDecl 0x5ffb0e7b2ce8 <<invalid sloc>> <invalid sloc> 'struct __va_list_tag *'
| |-BuiltinAttr 0x5ffb0e7b2bc0 <<invalid sloc>> Implicit 908
| `-FormatAttr 0x5ffb0e7b2d68 <col:12> Implicit printf 2 0
|-FunctionDecl 0x5ffb0e7b2da0 prev 0x5ffb0e7b2b18 <col:1, /usr/include/x86_64-linux-gnu/sys/cdefs.h:80:49> /usr/include/stdio.h:380:12 vsprintf 'int (char *, const char *, struct __va_list_tag *)' extern
| |-ParmVarDecl 0x5ffb0e7b28e0 <col:22, col:39> col:39 __s 'char *restrict'
| |-ParmVarDecl 0x5ffb0e7b2960 <col:44, col:67> col:67 __format 'const char *restrict'
| |-ParmVarDecl 0x5ffb0e7b29d8 <line:381:8, col:23> col:23 __arg 'struct __va_list_tag *'
| |-BuiltinAttr 0x5ffb0e7b2eb8 <<invalid sloc>> Inherited Implicit 908
| |-FormatAttr 0x5ffb0e7b2ee0 <line:380:12> Inherited printf 2 0
| `-NoThrowAttr 0x5ffb0e7b2e60 </usr/include/x86_64-linux-gnu/sys/cdefs.h:80:37>
|-FunctionDecl 0x5ffb0e7b31c0 </usr/include/stdio.h:385:12> col:12 implicit snprintf 'int (char *, unsigned long, const char *, ...)' extern
| |-ParmVarDecl 0x5ffb0e7b32c0 <<invalid sloc>> <invalid sloc> 'char *'
| |-ParmVarDecl 0x5ffb0e7b3328 <<invalid sloc>> <invalid sloc> 'unsigned long'
| |-ParmVarDecl 0x5ffb0e7b3390 <<invalid sloc>> <invalid sloc> 'const char *'
| |-BuiltinAttr 0x5ffb0e7b3268 <<invalid sloc>> Implicit 903
| `-FormatAttr 0x5ffb0e7b3410 <col:12> Implicit printf 3 4
|-FunctionDecl 0x5ffb0e7b3448 prev 0x5ffb0e7b31c0 <col:1, line:387:62> line:385:12 snprintf 'int (char *, unsigned long, const char *, ...)' extern
| |-ParmVarDecl 0x5ffb0e7b2f30 <col:22, col:39> col:39 __s 'char *restrict'
| |-ParmVarDecl 0x5ffb0e7b2fa8 <col:44, col:51> col:51 __maxlen 'size_t':'unsigned long'
| |-ParmVarDecl 0x5ffb0e7b3028 <line:386:8, col:31> col:31 __format 'const char *restrict'
| |-BuiltinAttr 0x5ffb0e7b3598 <<invalid sloc>> Inherited Implicit 903
| |-NoThrowAttr 0x5ffb0e7b3508 </usr/include/x86_64-linux-gnu/sys/cdefs.h:80:37>
| `-FormatAttr 0x5ffb0e7b3560 </usr/include/stdio.h:387:32, col:60> printf 3 4
|-FunctionDecl 0x5ffb0e7b3938 <line:389:12> col:12 implicit vsnprintf 'int (char *, unsigned long, const char *, struct __va_list_tag *)' extern
| |-ParmVarDecl 0x5ffb0e7b3a38 <<invalid sloc>> <invalid sloc> 'char *'
| |-ParmVarDecl 0x5ffb0e7b3aa0 <<invalid sloc>> <invalid sloc> 'unsigned long'
| |-ParmVarDecl 0x5ffb0e7b3b08 <<invalid sloc>> <invalid sloc> 'const char *'
| |-ParmVarDecl 0x5ffb0e7b3b70 <<invalid sloc>> <invalid sloc> 'struct __va_list_tag *'
| |-BuiltinAttr 0x5ffb0e7b39e0 <<invalid sloc>> Implicit 907
| `-FormatAttr 0x5ffb0e7b3bf8 <col:12> Implicit printf 3 0
|-FunctionDecl 0x5ffb0e7b3c30 prev 0x5ffb0e7b3938 <col:1, line:391:62> line:389:12 vsnprintf 'int (char *, unsigned long, const char *, struct __va_list_tag *)' extern
| |-ParmVarDecl 0x5ffb0e7b35d8 <col:23, col:40> col:40 __s 'char *restrict'
| |-ParmVarDecl 0x5ffb0e7b3650 <col:45, col:52> col:52 __maxlen 'size_t':'unsigned long'
| |-ParmVarDecl 0x5ffb0e7b36d0 <line:390:9, col:32> col:32 __format 'const char *restrict'
| |-ParmVarDecl 0x5ffb0e7b3790 <col:42, col:57> col:57 __arg 'struct __va_list_tag *'
| |-BuiltinAttr 0x5ffb0e7b3d88 <<invalid sloc>> Inherited Implicit 907
| |-NoThrowAttr 0x5ffb0e7b3cf8 </usr/include/x86_64-linux-gnu/sys/cdefs.h:80:37>
| `-FormatAttr 0x5ffb0e7b3d50 </usr/include/stdio.h:391:32, col:60> printf 3 0
|-FunctionDecl 0x5ffb0e7b4058 <line:397:1, line:399:62> line:397:12 vasprintf 'int (char **restrict, const char *restrict, struct __va_list_tag *)' extern
| |-ParmVarDecl 0x5ffb0e7b3dc8 <col:23, col:41> col:41 __ptr 'char **restrict'
| |-ParmVarDecl 0x5ffb0e7b3e48 <col:48, col:71> col:71 __f 'const char *restrict'
| |-ParmVarDecl 0x5ffb0e7b3ec0 <line:398:9, col:24> col:24 __arg 'struct __va_list_tag *'
| |-NoThrowAttr 0x5ffb0e7b4118 </usr/include/x86_64-linux-gnu/sys/cdefs.h:80:37>
| `-FormatAttr 0x5ffb0e7b4170 </usr/include/stdio.h:399:32, col:60> printf 2 0
|-FunctionDecl 0x5ffb0e7b43d0 <line:400:1, line:402:62> line:400:12 __asprintf 'int (char **restrict, const char *restrict, ...)' extern
| |-ParmVarDecl 0x5ffb0e7b41c0 <col:24, col:42> col:42 __ptr 'char **restrict'
| |-ParmVarDecl 0x5ffb0e7b4240 <line:401:10, col:33> col:33 __fmt 'const char *restrict'
| |-NoThrowAttr 0x5ffb0e7b4488 </usr/include/x86_64-linux-gnu/sys/cdefs.h:80:37>
| `-FormatAttr 0x5ffb0e7b44e0 </usr/include/stdio.h:402:32, col:60> printf 2 3
|-FunctionDecl 0x5ffb0e7b46a0 <line:403:1, line:405:62> line:403:12 asprintf 'int (char **restrict, const char *restrict, ...)' extern
| |-ParmVarDecl 0x5ffb0e7b4530 <col:22, col:40> col:40 __ptr 'char **restrict'
| |-ParmVarDecl 0x5ffb0e7b45b0 <line:404:8, col:31> col:31 __fmt 'const char *restrict'
| |-NoThrowAttr 0x5ffb0e7b4758 </usr/include/x86_64-linux-gnu/sys/cdefs.h:80:37>
| `-FormatAttr 0x5ffb0e7b47d0 </usr/include/stdio.h:405:32, col:60> printf 2 3
|-FunctionDecl 0x5ffb0e7b4aa8 <line:410:1, line:412:52> line:410:12 vdprintf 'int (int, const char *restrict, struct __va_list_tag *)' extern
| |-ParmVarDecl 0x5ffb0e7b4820 <col:22, col:26> col:26 __fd 'int'
| |-ParmVarDecl 0x5ffb0e7b48a0 <col:32, col:55> col:55 __fmt 'const char *restrict'
| |-ParmVarDecl 0x5ffb0e7b4918 <line:411:8, col:23> col:23 __arg 'struct __va_list_tag *'
| `-FormatAttr 0x5ffb0e7b4b68 <line:412:22, col:50> printf 2 0
|-FunctionDecl 0x5ffb0e7b4df0 <line:413:1, line:414:52> line:413:12 dprintf 'int (int, const char *restrict, ...)' extern
| |-ParmVarDecl 0x5ffb0e7b4be8 <col:21, col:25> col:25 __fd 'int'
| |-ParmVarDecl 0x5ffb0e7b4c68 <col:31, col:54> col:54 __fmt 'const char *restrict'
| `-FormatAttr 0x5ffb0e7b4ea8 <line:414:22, col:50> printf 2 3
|-FunctionDecl 0x5ffb0e7b50b8 <line:422:12> col:12 implicit fscanf 'int (FILE *restrict, const char *restrict, ...)' extern
| |-ParmVarDecl 0x5ffb0e7b51b8 <<invalid sloc>> <invalid sloc> 'FILE *restrict'
| |-ParmVarDecl 0x5ffb0e7b5220 <<invalid sloc>> <invalid sloc> 'const char *restrict'
| |-BuiltinAttr 0x5ffb0e7b5160 <<invalid sloc>> Implicit 910
| `-FormatAttr 0x5ffb0e7b5298 <col:12> Implicit scanf 2 3
|-FunctionDecl 0x5ffb0e7b52d0 prev 0x5ffb0e7b50b8 <col:1, /usr/include/x86_64-linux-gnu/sys/cdefs.h:401:76> /usr/include/stdio.h:422:12 fscanf 'int (FILE *restrict, const char *restrict, ...)' extern
| |-ParmVarDecl 0x5ffb0e7b4f28 <col:20, col:37> col:37 __stream 'FILE *restrict'
| |-ParmVarDecl 0x5ffb0e7b4fa8 <line:423:6, col:29> col:29 __format 'const char *restrict'
| |-BuiltinAttr 0x5ffb0e7b53f8 <<invalid sloc>> Inherited Implicit 910
| |-FormatAttr 0x5ffb0e7b5420 <line:422:12> Inherited scanf 2 3
| `-NonNullAttr 0x5ffb0e7b5388 </usr/include/x86_64-linux-gnu/sys/cdefs.h:401:57, /usr/include/stdio.h:423:63> 1
|-FunctionDecl 0x5ffb0e7b5508 <line:428:12> col:12 implicit used scanf 'int (const char *restrict, ...)' extern
| |-ParmVarDecl 0x5ffb0e7b5608 <<invalid sloc>> <invalid sloc> 'const char *restrict'
| |-BuiltinAttr 0x5ffb0e7b55b0 <<invalid sloc>> Implicit 909
| `-FormatAttr 0x5ffb0e7b5678 <col:12> Implicit scanf 1 2
|-FunctionDecl 0x5ffb0e7b56b0 prev 0x5ffb0e7b5508 <col:1, col:55> col:12 used scanf 'int (const char *restrict, ...)' extern
| |-ParmVarDecl 0x5ffb0e7b5470 <col:19, col:42> col:42 __format 'const char *restrict'
| |-BuiltinAttr 0x5ffb0e7b57b0 <<invalid sloc>> Inherited Implicit 909
| `-FormatAttr 0x5ffb0e7b57d8 <col:12> Inherited scanf 1 2
|-FunctionDecl 0x5ffb0e7b59e0 <line:430:12> col:12 implicit sscanf 'int (const char *restrict, const char *restrict, ...)' extern
| |-ParmVarDecl 0x5ffb0e7b5ae0 <<invalid sloc>> <invalid sloc> 'const char *restrict'
| |-ParmVarDecl 0x5ffb0e7b5b48 <<invalid sloc>> <invalid sloc> 'const char *restrict'
| |-BuiltinAttr 0x5ffb0e7b5a88 <<invalid sloc>> Implicit 911
| `-FormatAttr 0x5ffb0e7b5bc0 <col:12> Implicit scanf 2 3
|-FunctionDecl 0x5ffb0e7b5bf8 prev 0x5ffb0e7b59e0 <col:1, /usr/include/x86_64-linux-gnu/sys/cdefs.h:79:54> /usr/include/stdio.h:430:12 sscanf 'int (const char *restrict, const char *restrict, ...)' extern
| |-ParmVarDecl 0x5ffb0e7b5828 <col:20, col:43> col:43 __s 'const char *restrict'
| |-ParmVarDecl 0x5ffb0e7b58a8 <line:431:6, col:29> col:29 __format 'const char *restrict'
| |-BuiltinAttr 0x5ffb0e7b5d08 <<invalid sloc>> Inherited Implicit 911
| |-FormatAttr 0x5ffb0e7b5d30 <line:430:12> Inherited scanf 2 3
| `-NoThrowAttr 0x5ffb0e7b5cb0 </usr/include/x86_64-linux-gnu/sys/cdefs.h:79:35>
|-TypedefDecl 0x5ffb0e7b5d80 </usr/include/x86_64-linux-gnu/bits/floatn-common.h:214:1, col:15> col:15 _Float32 'float'
| `-BuiltinType 0x5ffb0e718c20 'float'
|-TypedefDecl 0x5ffb0e7b5df0 <line:251:1, col:16> col:16 _Float64 'double'
| `-BuiltinType 0x5ffb0e718c40 'double'
|-TypedefDecl 0x5ffb0e7b5e60 <line:268:1, col:16> col:16 _Float32x 'double'
| `-BuiltinType 0x5ffb0e718c40 'double'
|-TypedefDecl 0x5ffb0e7b5ed0 <line:285:1, col:21> col:21 _Float64x 'long double'
| `-BuiltinType 0x5ffb0e718c60 'long double'
|-FunctionDecl 0x5ffb0e7b60f8 prev 0x5ffb0e7b52d0 </usr/include/stdio.h:463:1, /usr/include/x86_64-linux-gnu/sys/cdefs.h:401:76> /usr/include/stdio.h:463:24 fscanf 'int (FILE *restrict, const char *restrict, ...)' extern
| |-ParmVarDecl 0x5ffb0e7b5f40 <col:33, col:50> col:50 __stream 'FILE *restrict'
| |-ParmVarDecl 0x5ffb0e7b5fc0 <line:464:5, col:28> col:28 __format 'const char *restrict'
| |-BuiltinAttr 0x5ffb0e7b6268 <<invalid sloc>> Inherited Implicit 910
| |-FormatAttr 0x5ffb0e7b6290 <line:422:12> Inherited scanf 2 3
| |-NonNullAttr 0x5ffb0e7b62c8 </usr/include/x86_64-linux-gnu/sys/cdefs.h:401:57, /usr/include/stdio.h:423:63> Inherited 1
| |-AsmLabelAttr 0x5ffb0e7b61a0 <<scratch space>:38:1> "__isoc99_fscanf" IsLiteralLabel
| `-NonNullAttr 0x5ffb0e7b6228 </usr/include/x86_64-linux-gnu/sys/cdefs.h:401:57, /usr/include/stdio.h:465:46> 1
|-FunctionDecl 0x5ffb0e7b6430 prev 0x5ffb0e7b56b0 <line:466:1, /usr/include/x86_64-linux-gnu/sys/cdefs.h:256:79> /usr/include/stdio.h:466:24 used scanf 'int (const char *restrict, ...)' extern
| |-ParmVarDecl 0x5ffb0e7b6320 <col:32, col:55> col:55 __format 'const char *restrict'
| |-BuiltinAttr 0x5ffb0e7b6558 <<invalid sloc>> Inherited Implicit 909
| |-FormatAttr 0x5ffb0e7b6580 <line:428:12> Inherited scanf 1 2
| `-AsmLabelAttr 0x5ffb0e7b64d8 <<scratch space>:40:1> "__isoc99_scanf" IsLiteralLabel
|-FunctionDecl 0x5ffb0e7bc8d0 prev 0x5ffb0e7b5bf8 </usr/include/stdio.h:468:1, /usr/include/x86_64-linux-gnu/sys/cdefs.h:79:54> /usr/include/stdio.h:468:28 sscanf 'int (const char *restrict, const char *restrict, ...)' extern
| |-ParmVarDecl 0x5ffb0e7b65d0 <col:37, col:60> col:60 __s 'const char *restrict'
| |-ParmVarDecl 0x5ffb0e7b6650 <line:469:9, col:32> col:32 __format 'const char *restrict'
| |-BuiltinAttr 0x5ffb0e7bca28 <<invalid sloc>> Inherited Implicit 911
| |-FormatAttr 0x5ffb0e7bca50 <line:430:12> Inherited scanf 2 3
| |-AsmLabelAttr 0x5ffb0e7bc978 <<scratch space>:42:1> "__isoc99_sscanf" IsLiteralLabel
| `-NoThrowAttr 0x5ffb0e7bca00 </usr/include/x86_64-linux-gnu/sys/cdefs.h:79:35>
|-FunctionDecl 0x5ffb0e7bccf8 </usr/include/stdio.h:490:12> col:12 implicit vfscanf 'int (FILE *restrict, const char *restrict, struct __va_list_tag *)' extern
| |-ParmVarDecl 0x5ffb0e7bcdf8 <<invalid sloc>> <invalid sloc> 'FILE *restrict'
| |-ParmVarDecl 0x5ffb0e7bce60 <<invalid sloc>> <invalid sloc> 'const char *restrict'
| |-ParmVarDecl 0x5ffb0e7bcec8 <<invalid sloc>> <invalid sloc> 'struct __va_list_tag *'
| |-BuiltinAttr 0x5ffb0e7bcda0 <<invalid sloc>> Implicit 913
| `-FormatAttr 0x5ffb0e7bcf48 <col:12> Implicit scanf 2 0
|-FunctionDecl 0x5ffb0e7bcf80 prev 0x5ffb0e7bccf8 <col:1, /usr/include/x86_64-linux-gnu/sys/cdefs.h:401:76> /usr/include/stdio.h:490:12 vfscanf 'int (FILE *restrict, const char *restrict, struct __va_list_tag *)' extern
| |-ParmVarDecl 0x5ffb0e7bcaa0 <col:21, col:38> col:38 __s 'FILE *restrict'
| |-ParmVarDecl 0x5ffb0e7bcb20 <col:43, col:66> col:66 __format 'const char *restrict'
| |-ParmVarDecl 0x5ffb0e7bcb98 <line:491:7, col:22> col:22 __arg 'struct __va_list_tag *'
| |-BuiltinAttr 0x5ffb0e7bd0e8 <<invalid sloc>> Inherited Implicit 913
| |-FormatAttr 0x5ffb0e7bd040 <line:492:22, col:49> scanf 2 0
| `-NonNullAttr 0x5ffb0e7bd0a8 </usr/include/x86_64-linux-gnu/sys/cdefs.h:401:57, /usr/include/stdio.h:492:72> 1
|-FunctionDecl 0x5ffb0e7bd2d0 <line:498:12> col:12 implicit vscanf 'int (const char *restrict, struct __va_list_tag *)' extern
| |-ParmVarDecl 0x5ffb0e7bd3d0 <<invalid sloc>> <invalid sloc> 'const char *restrict'
| |-ParmVarDecl 0x5ffb0e7bd438 <<invalid sloc>> <invalid sloc> 'struct __va_list_tag *'
| |-BuiltinAttr 0x5ffb0e7bd378 <<invalid sloc>> Implicit 912
| `-FormatAttr 0x5ffb0e7bd4b0 <col:12> Implicit scanf 1 0
|-FunctionDecl 0x5ffb0e7bd4e8 prev 0x5ffb0e7bd2d0 <col:1, line:499:51> line:498:12 vscanf 'int (const char *restrict, struct __va_list_tag *)' extern
| |-ParmVarDecl 0x5ffb0e7bd128 <col:20, col:43> col:43 __format 'const char *restrict'
| |-ParmVarDecl 0x5ffb0e7bd1a0 <col:53, col:68> col:68 __arg 'struct __va_list_tag *'
| |-BuiltinAttr 0x5ffb0e7bd608 <<invalid sloc>> Inherited Implicit 912
| `-FormatAttr 0x5ffb0e7bd5a0 <line:499:22, col:49> scanf 1 0
|-FunctionDecl 0x5ffb0e7bd968 <line:502:12> col:12 implicit vsscanf 'int (const char *restrict, const char *restrict, struct __va_list_tag *)' extern
| |-ParmVarDecl 0x5ffb0e7bda68 <<invalid sloc>> <invalid sloc> 'const char *restrict'
| |-ParmVarDecl 0x5ffb0e7bdad0 <<invalid sloc>> <invalid sloc> 'const char *restrict'
| |-ParmVarDecl 0x5ffb0e7bdb38 <<invalid sloc>> <invalid sloc> 'struct __va_list_tag *'
| |-BuiltinAttr 0x5ffb0e7bda10 <<invalid sloc>> Implicit 914
| `-FormatAttr 0x5ffb0e7bdbb8 <col:12> Implicit scanf 2 0
|-FunctionDecl 0x5ffb0e7bdbf0 prev 0x5ffb0e7bd968 <col:1, line:504:59> line:502:12 vsscanf 'int (const char *restrict, const char *restrict, struct __va_list_tag *)' extern
| |-ParmVarDecl 0x5ffb0e7bd648 <col:21, col:44> col:44 __s 'const char *restrict'
| |-ParmVarDecl 0x5ffb0e7bd6c8 <line:503:7, col:30> col:30 __format 'const char *restrict'
| |-ParmVarDecl 0x5ffb0e7bd740 <col:40, col:55> col:55 __arg 'struct __va_list_tag *'
| |-BuiltinAttr 0x5ffb0e7bdd40 <<invalid sloc>> Inherited Implicit 914
| |-NoThrowAttr 0x5ffb0e7bdcb0 </usr/include/x86_64-linux-gnu/sys/cdefs.h:79:35>
| `-FormatAttr 0x5ffb0e7bdd08 </usr/include/stdio.h:504:30, col:57> scanf 2 0
|-FunctionDecl 0x5ffb0e7be000 prev 0x5ffb0e7bcf80 <line:540:1, /usr/include/x86_64-linux-gnu/sys/cdefs.h:401:76> /usr/include/stdio.h:540:24 vfscanf 'int (FILE *restrict, const char *restrict, struct __va_list_tag *)' extern
| |-ParmVarDecl 0x5ffb0e7bdd80 <line:541:11, col:28> col:28 __s 'FILE *restrict'
| |-ParmVarDecl 0x5ffb0e7bde00 <line:542:4, col:27> col:27 __format 'const char *restrict'
| |-ParmVarDecl 0x5ffb0e7bde78 <col:37, col:52> col:52 __arg 'struct __va_list_tag *'
| |-BuiltinAttr 0x5ffb0e7be1a8 <<invalid sloc>> Inherited Implicit 913
| |-NonNullAttr 0x5ffb0e7be1d0 </usr/include/x86_64-linux-gnu/sys/cdefs.h:401:57, /usr/include/stdio.h:492:72> Inherited 1
| |-AsmLabelAttr 0x5ffb0e7be0a8 <<scratch space>:46:1> "__isoc99_vfscanf" IsLiteralLabel
| |-FormatAttr 0x5ffb0e7be138 </usr/include/stdio.h:544:22, col:49> scanf 2 0
| `-NonNullAttr 0x5ffb0e7be170 </usr/include/x86_64-linux-gnu/sys/cdefs.h:401:57, /usr/include/stdio.h:544:72> 1
|-FunctionDecl 0x5ffb0e7be3b8 prev 0x5ffb0e7bd4e8 <line:545:1, line:547:51> line:545:24 vscanf 'int (const char *restrict, struct __va_list_tag *)' extern
| |-ParmVarDecl 0x5ffb0e7be220 <col:33, col:56> col:56 __format 'const char *restrict'
| |-ParmVarDecl 0x5ffb0e7be298 <line:546:5, col:20> col:20 __arg 'struct __va_list_tag *'
| |-BuiltinAttr 0x5ffb0e7be520 <<invalid sloc>> Inherited Implicit 912
| |-AsmLabelAttr 0x5ffb0e7be460 <<scratch space>:48:1> "__isoc99_vscanf" IsLiteralLabel
| `-FormatAttr 0x5ffb0e7be4e8 </usr/include/stdio.h:547:22, col:49> scanf 1 0
|-FunctionDecl 0x5ffb0e7be780 prev 0x5ffb0e7bdbf0 <line:548:1, line:552:51> line:548:28 vsscanf 'int (const char *restrict, const char *restrict, struct __va_list_tag *)' extern
| |-ParmVarDecl 0x5ffb0e7be560 <line:549:8, col:31> col:31 __s 'const char *restrict'
| |-ParmVarDecl 0x5ffb0e7be5e0 <line:550:8, col:31> col:31 __format 'const char *restrict'
| |-ParmVarDecl 0x5ffb0e7be658 <line:551:8, col:23> col:23 __arg 'struct __va_list_tag *'
| |-BuiltinAttr 0x5ffb0e7be928 <<invalid sloc>> Inherited Implicit 914
| |-AsmLabelAttr 0x5ffb0e7be828 <<scratch space>:50:1> "__isoc99_vsscanf" IsLiteralLabel
| |-NoThrowAttr 0x5ffb0e7be8b8 </usr/include/x86_64-linux-gnu/sys/cdefs.h:79:35>
| `-FormatAttr 0x5ffb0e7be8f0 </usr/include/stdio.h:552:22, col:49> scanf 2 0
|-FunctionDecl 0x5ffb0e7bea20 <line:575:1, /usr/include/x86_64-linux-gnu/sys/cdefs.h:401:76> /usr/include/stdio.h:575:12 fgetc 'int (FILE *)' extern
| |-ParmVarDecl 0x5ffb0e7be968 <col:19, col:25> col:25 __stream 'FILE *'
| `-NonNullAttr 0x5ffb0e7bead0 </usr/include/x86_64-linux-gnu/sys/cdefs.h:401:57, /usr/include/stdio.h:575:48> 1
|-FunctionDecl 0x5ffb0e7bec08 <line:576:1, /usr/include/x86_64-linux-gnu/sys/cdefs.h:401:76> /usr/include/stdio.h:576:12 getc 'int (FILE *)' extern
| |-ParmVarDecl 0x5ffb0e7beb50 <col:18, col:24> col:24 __stream 'FILE *'
| `-NonNullAttr 0x5ffb0e7becb8 </usr/include/x86_64-linux-gnu/sys/cdefs.h:401:57, /usr/include/stdio.h:576:47> 1
|-FunctionDecl 0x5ffb0e7bedf8 <line:582:1, col:25> col:12 getchar 'int (void)' extern
|-FunctionDecl 0x5ffb0e7bef70 <line:589:1, /usr/include/x86_64-linux-gnu/sys/cdefs.h:401:76> /usr/include/stdio.h:589:12 getc_unlocked 'int (FILE *)' extern
| |-ParmVarDecl 0x5ffb0e7beeb8 <col:27, col:33> col:33 __stream 'FILE *'
| `-NonNullAttr 0x5ffb0e7bf020 </usr/include/x86_64-linux-gnu/sys/cdefs.h:401:57, /usr/include/stdio.h:589:56> 1
|-FunctionDecl 0x5ffb0e7bf128 <line:590:1, col:34> col:12 getchar_unlocked 'int (void)' extern
|-FunctionDecl 0x5ffb0e7bf2a0 <line:600:1, /usr/include/x86_64-linux-gnu/sys/cdefs.h:401:76> /usr/include/stdio.h:600:12 fgetc_unlocked 'int (FILE *)' extern
| |-ParmVarDecl 0x5ffb0e7bf1e8 <col:28, col:34> col:34 __stream 'FILE *'
| `-NonNullAttr 0x5ffb0e7bf350 </usr/include/x86_64-linux-gnu/sys/cdefs.h:401:57, /usr/include/stdio.h:600:57> 1
|-FunctionDecl 0x5ffb0e7bf598 <line:611:1, /usr/include/x86_64-linux-gnu/sys/cdefs.h:401:76> /usr/include/stdio.h:611:12 fputc 'int (int, FILE *)' extern
| |-ParmVarDecl 0x5ffb0e7bf3d0 <col:19, col:23> col:23 __c 'int'
| |-ParmVarDecl 0x5ffb0e7bf450 <col:28, col:34> col:34 __stream 'FILE *'
| `-NonNullAttr 0x5ffb0e7bf650 </usr/include/x86_64-linux-gnu/sys/cdefs.h:401:57, /usr/include/stdio.h:611:57> 2
|-FunctionDecl 0x5ffb0e7bf810 <line:612:1, /usr/include/x86_64-linux-gnu/sys/cdefs.h:401:76> /usr/include/stdio.h:612:12 putc 'int (int, FILE *)' extern
| |-ParmVarDecl 0x5ffb0e7bf6d0 <col:18, col:22> col:22 __c 'int'
| |-ParmVarDecl 0x5ffb0e7bf750 <col:27, col:33> col:33 __stream 'FILE *'
| `-NonNullAttr 0x5ffb0e7bf900 </usr/include/x86_64-linux-gnu/sys/cdefs.h:401:57, /usr/include/stdio.h:612:56> 2
|-FunctionDecl 0x5ffb0e7bfa58 <line:618:1, col:28> col:12 putchar 'int (int)' extern
| `-ParmVarDecl 0x5ffb0e7bf980 <col:21, col:25> col:25 __c 'int'
|-FunctionDecl 0x5ffb0e7bfc60 <line:627:1, /usr/include/x86_64-linux-gnu/sys/cdefs.h:401:76> /usr/include/stdio.h:627:12 fputc_unlocked 'int (int, FILE *)' extern
| |-ParmVarDecl 0x5ffb0e7bfb20 <col:28, col:32> col:32 __c 'int'
| |-ParmVarDecl 0x5ffb0e7bfba0 <col:37, col:43> col:43 __stream 'FILE *'
| `-NonNullAttr 0x5ffb0e7bfd18 </usr/include/x86_64-linux-gnu/sys/cdefs.h:401:57, /usr/include/stdio.h:627:66> 2
|-FunctionDecl 0x5ffb0e7bfee0 <line:635:1, /usr/include/x86_64-linux-gnu/sys/cdefs.h:401:76> /usr/include/stdio.h:635:12 putc_unlocked 'int (int, FILE *)' extern
| |-ParmVarDecl 0x5ffb0e7bfda0 <col:27, col:31> col:31 __c 'int'
| |-ParmVarDecl 0x5ffb0e7bfe20 <col:36, col:42> col:42 __stream 'FILE *'
| `-NonNullAttr 0x5ffb0e7bff98 </usr/include/x86_64-linux-gnu/sys/cdefs.h:401:57, /usr/include/stdio.h:635:65> 2
|-FunctionDecl 0x5ffb0e7c00b8 <line:636:1, col:37> col:12 putchar_unlocked 'int (int)' extern
| `-ParmVarDecl 0x5ffb0e7c0020 <col:30, col:34> col:34 __c 'int'
|-FunctionDecl 0x5ffb0e7c0238 <line:643:1, /usr/include/x86_64-linux-gnu/sys/cdefs.h:401:76> /usr/include/stdio.h:643:12 getw 'int (FILE *)' extern
| |-ParmVarDecl 0x5ffb0e7c0180 <col:18, col:24> col:24 __stream 'FILE *'
| `-NonNullAttr 0x5ffb0e7c02e8 </usr/include/x86_64-linux-gnu/sys/cdefs.h:401:57, /usr/include/stdio.h:643:47> 1
|-FunctionDecl 0x5ffb0e7c04b0 <line:646:1, /usr/include/x86_64-linux-gnu/sys/cdefs.h:401:76> /usr/include/stdio.h:646:12 putw 'int (int, FILE *)' extern
| |-ParmVarDecl 0x5ffb0e7c0370 <col:18, col:22> col:22 __w 'int'
| |-ParmVarDecl 0x5ffb0e7c03f0 <col:27, col:33> col:33 __stream 'FILE *'
| `-NonNullAttr 0x5ffb0e7c0568 </usr/include/x86_64-linux-gnu/sys/cdefs.h:401:57, /usr/include/stdio.h:646:56> 2
|-FunctionDecl 0x5ffb0e7c0858 <line:654:1, /usr/include/x86_64-linux-gnu/sys/cdefs.h:401:76> /usr/include/stdio.h:654:14 fgets 'char *(char *restrict, int, FILE *restrict)' extern
| |-ParmVarDecl 0x5ffb0e7c05f0 <col:21, col:38> col:38 __s 'char *restrict'
| |-ParmVarDecl 0x5ffb0e7c0670 <col:43, col:47> col:47 __n 'int'
| |-ParmVarDecl 0x5ffb0e7c06f0 <col:52, col:69> col:69 __stream 'FILE *restrict'
| `-NonNullAttr 0x5ffb0e7c0928 </usr/include/x86_64-linux-gnu/sys/cdefs.h:401:57, /usr/include/stdio.h:655:72> 3
|-FunctionDecl 0x5ffb0e7c0ca0 <line:694:1, /usr/include/x86_64-linux-gnu/sys/cdefs.h:401:76> /usr/include/stdio.h:694:18 __getdelim '__ssize_t (char **restrict, size_t *restrict, int, FILE *restrict)' extern
| |-ParmVarDecl 0x5ffb0e7c09b0 <col:30, col:48> col:48 __lineptr 'char **restrict'
| |-ParmVarDecl 0x5ffb0e7c0a30 <line:695:30, col:49> col:49 __n 'size_t *restrict'
| |-ParmVarDecl 0x5ffb0e7c0ab0 <col:54, col:58> col:58 __delimiter 'int'
| |-ParmVarDecl 0x5ffb0e7c0b30 <line:696:30, col:47> col:47 __stream 'FILE *restrict'
| `-NonNullAttr 0x5ffb0e7c0d68 </usr/include/x86_64-linux-gnu/sys/cdefs.h:401:57, /usr/include/stdio.h:696:76> 4
|-FunctionDecl 0x5ffb0e7c1038 <line:697:1, /usr/include/x86_64-linux-gnu/sys/cdefs.h:401:76> /usr/include/stdio.h:697:18 getdelim '__ssize_t (char **restrict, size_t *restrict, int, FILE *restrict)' extern
| |-ParmVarDecl 0x5ffb0e7c0df0 <col:28, col:46> col:46 __lineptr 'char **restrict'
| |-ParmVarDecl 0x5ffb0e7c0e70 <line:698:28, col:47> col:47 __n 'size_t *restrict'
| |-ParmVarDecl 0x5ffb0e7c0ef0 <col:52, col:56> col:56 __delimiter 'int'
| |-ParmVarDecl 0x5ffb0e7c0f70 <line:699:28, col:45> col:45 __stream 'FILE *restrict'
| `-NonNullAttr 0x5ffb0e7c1100 </usr/include/x86_64-linux-gnu/sys/cdefs.h:401:57, /usr/include/stdio.h:699:74> 4
|-FunctionDecl 0x5ffb0e7c13e0 <line:707:1, /usr/include/x86_64-linux-gnu/sys/cdefs.h:401:76> /usr/include/stdio.h:707:18 getline '__ssize_t (char **restrict, size_t *restrict, FILE *restrict)' extern
| |-ParmVarDecl 0x5ffb0e7c1180 <col:27, col:45> col:45 __lineptr 'char **restrict'
| |-ParmVarDecl 0x5ffb0e7c1200 <line:708:27, col:46> col:46 __n 'size_t *restrict'
| |-ParmVarDecl 0x5ffb0e7c1280 <line:709:27, col:44> col:44 __stream 'FILE *restrict'
| `-NonNullAttr 0x5ffb0e7c14a0 </usr/include/x86_64-linux-gnu/sys/cdefs.h:401:57, /usr/include/stdio.h:709:73> 3
|-FunctionDecl 0x5ffb0e7c16e8 <line:717:1, /usr/include/x86_64-linux-gnu/sys/cdefs.h:401:76> /usr/include/stdio.h:717:12 fputs 'int (const char *restrict, FILE *restrict)' extern
| |-ParmVarDecl 0x5ffb0e7c1520 <col:19, col:42> col:42 __s 'const char *restrict'
| |-ParmVarDecl 0x5ffb0e7c15a0 <col:47, col:64> col:64 __stream 'FILE *restrict'
| `-NonNullAttr 0x5ffb0e7c17a0 </usr/include/x86_64-linux-gnu/sys/cdefs.h:401:57, /usr/include/stdio.h:718:16> 2
|-FunctionDecl 0x5ffb0e7c2930 <line:724:1, col:33> col:12 puts 'int (const char *)' extern
| `-ParmVarDecl 0x5ffb0e7c1820 <col:18, col:30> col:30 __s 'const char *'
|-FunctionDecl 0x5ffb0e7c2b38 <line:731:1, /usr/include/x86_64-linux-gnu/sys/cdefs.h:401:76> /usr/include/stdio.h:731:12 ungetc 'int (int, FILE *)' extern
| |-ParmVarDecl 0x5ffb0e7c29f8 <col:20, col:24> col:24 __c 'int'
| |-ParmVarDecl 0x5ffb0e7c2a78 <col:29, col:35> col:35 __stream 'FILE *'
| `-NonNullAttr 0x5ffb0e7c2bf0 </usr/include/x86_64-linux-gnu/sys/cdefs.h:401:57, /usr/include/stdio.h:731:58> 2
|-FunctionDecl 0x5ffb0e7c2fa0 <line:738:15> col:15 implicit fread 'unsigned long (void *, unsigned long, unsigned long, FILE *)' extern
| |-ParmVarDecl 0x5ffb0e7c30a0 <<invalid sloc>> <invalid sloc> 'void *'
| |-ParmVarDecl 0x5ffb0e7c3108 <<invalid sloc>> <invalid sloc> 'unsigned long'
| |-ParmVarDecl 0x5ffb0e7c3170 <<invalid sloc>> <invalid sloc> 'unsigned long'
| |-ParmVarDecl 0x5ffb0e7c31d8 <<invalid sloc>> <invalid sloc> 'FILE *'
| `-BuiltinAttr 0x5ffb0e7c3048 <<invalid sloc>> Implicit 916
|-FunctionDecl 0x5ffb0e7c3260 prev 0x5ffb0e7c2fa0 <col:1, /usr/include/x86_64-linux-gnu/sys/cdefs.h:401:76> /usr/include/stdio.h:738:15 fread 'unsigned long (void *, unsigned long, unsigned long, FILE *)' extern
| |-ParmVarDecl 0x5ffb0e7c2c70 <col:22, col:39> col:39 __ptr 'void *restrict'
| |-ParmVarDecl 0x5ffb0e7c2ce8 <col:46, col:53> col:53 __size 'size_t':'unsigned long'
| |-ParmVarDecl 0x5ffb0e7c2d60 <line:739:8, col:15> col:15 __n 'size_t':'unsigned long'
| |-ParmVarDecl 0x5ffb0e7c2de0 <col:20, col:37> col:37 __stream 'FILE *restrict'
| |-BuiltinAttr 0x5ffb0e7c3398 <<invalid sloc>> Inherited Implicit 916
| `-NonNullAttr 0x5ffb0e7c3328 </usr/include/x86_64-linux-gnu/sys/cdefs.h:401:57, /usr/include/stdio.h:740:15> 4
|-FunctionDecl 0x5ffb0e7c3730 <line:745:15> col:15 implicit fwrite 'unsigned long (const void *, unsigned long, unsigned long, FILE *)' extern
| |-ParmVarDecl 0x5ffb0e7c3830 <<invalid sloc>> <invalid sloc> 'const void *'
| |-ParmVarDecl 0x5ffb0e7c3898 <<invalid sloc>> <invalid sloc> 'unsigned long'
| |-ParmVarDecl 0x5ffb0e7c4940 <<invalid sloc>> <invalid sloc> 'unsigned long'
| |-ParmVarDecl 0x5ffb0e7c49a8 <<invalid sloc>> <invalid sloc> 'FILE *'
| `-BuiltinAttr 0x5ffb0e7c37d8 <<invalid sloc>> Implicit 917
|-FunctionDecl 0x5ffb0e7c4a30 prev 0x5ffb0e7c3730 <col:1, /usr/include/x86_64-linux-gnu/sys/cdefs.h:401:76> /usr/include/stdio.h:745:15 fwrite 'unsigned long (const void *, unsigned long, unsigned long, FILE *)' extern
| |-ParmVarDecl 0x5ffb0e7c3408 <col:23, col:46> col:46 __ptr 'const void *restrict'
| |-ParmVarDecl 0x5ffb0e7c3480 <col:53, col:60> col:60 __size 'size_t':'unsigned long'
| |-ParmVarDecl 0x5ffb0e7c34f8 <line:746:9, col:16> col:16 __n 'size_t':'unsigned long'
| |-ParmVarDecl 0x5ffb0e7c3578 <col:21, col:38> col:38 __s 'FILE *restrict'
| |-BuiltinAttr 0x5ffb0e7c4b68 <<invalid sloc>> Inherited Implicit 917
| `-NonNullAttr 0x5ffb0e7c4af8 </usr/include/x86_64-linux-gnu/sys/cdefs.h:401:57, /usr/include/stdio.h:746:55> 4
|-FunctionDecl 0x5ffb0e7c4de0 <line:766:1, /usr/include/x86_64-linux-gnu/sys/cdefs.h:401:76> /usr/include/stdio.h:766:15 fread_unlocked 'size_t (void *restrict, size_t, size_t, FILE *restrict)' extern
| |-ParmVarDecl 0x5ffb0e7c4ba8 <col:31, col:48> col:48 __ptr 'void *restrict'
| |-ParmVarDecl 0x5ffb0e7c4c20 <col:55, col:62> col:62 __size 'size_t':'unsigned long'
| |-ParmVarDecl 0x5ffb0e7c4c98 <line:767:10, col:17> col:17 __n 'size_t':'unsigned long'
| |-ParmVarDecl 0x5ffb0e7c4d18 <col:22, col:39> col:39 __stream 'FILE *restrict'
| `-NonNullAttr 0x5ffb0e7c4ea8 </usr/include/x86_64-linux-gnu/sys/cdefs.h:401:57, /usr/include/stdio.h:768:16> 4
|-FunctionDecl 0x5ffb0e7c5168 <line:769:1, /usr/include/x86_64-linux-gnu/sys/cdefs.h:401:76> /usr/include/stdio.h:769:15 fwrite_unlocked 'size_t (const void *restrict, size_t, size_t, FILE *restrict)' extern
| |-ParmVarDecl 0x5ffb0e7c4f30 <col:32, col:55> col:55 __ptr 'const void *restrict'
| |-ParmVarDecl 0x5ffb0e7c4fa8 <col:62, col:69> col:69 __size 'size_t':'unsigned long'
| |-ParmVarDecl 0x5ffb0e7c5020 <line:770:11, col:18> col:18 __n 'size_t':'unsigned long'
| |-ParmVarDecl 0x5ffb0e7c50a0 <col:23, col:40> col:40 __stream 'FILE *restrict'
| `-NonNullAttr 0x5ffb0e7c5230 </usr/include/x86_64-linux-gnu/sys/cdefs.h:401:57, /usr/include/stdio.h:771:16> 4
|-FunctionDecl 0x5ffb0e7c5518 <line:779:1, /usr/include/x86_64-linux-gnu/sys/cdefs.h:401:76> /usr/include/stdio.h:779:12 fseek 'int (FILE *, long, int)' extern
| |-ParmVarDecl 0x5ffb0e7c52b0 <col:19, col:25> col:25 __stream 'FILE *'
| |-ParmVarDecl 0x5ffb0e7c5330 <col:35, col:44> col:44 __off 'long'
| |-ParmVarDecl 0x5ffb0e7c53b0 <col:51, col:55> col:55 __whence 'int'
| `-NonNullAttr 0x5ffb0e7c55d8 </usr/include/x86_64-linux-gnu/sys/cdefs.h:401:57, /usr/include/stdio.h:780:16> 1
|-FunctionDecl 0x5ffb0e7c5798 <line:785:1, /usr/include/x86_64-linux-gnu/sys/cdefs.h:401:76> /usr/include/stdio.h:785:17 ftell 'long (FILE *)' extern
| |-ParmVarDecl 0x5ffb0e7c5660 <col:24, col:30> col:30 __stream 'FILE *'
| `-NonNullAttr 0x5ffb0e7c5848 </usr/include/x86_64-linux-gnu/sys/cdefs.h:401:57, /usr/include/stdio.h:785:59> 1
|-FunctionDecl 0x5ffb0e7c5998 <line:790:1, /usr/include/x86_64-linux-gnu/sys/cdefs.h:401:76> /usr/include/stdio.h:790:13 rewind 'void (FILE *)' extern
| |-ParmVarDecl 0x5ffb0e7c58d0 <col:21, col:27> col:27 __stream 'FILE *'
| `-NonNullAttr 0x5ffb0e7c5a48 </usr/include/x86_64-linux-gnu/sys/cdefs.h:401:57, /usr/include/stdio.h:790:50> 1
|-FunctionDecl 0x5ffb0e7c5cd8 <line:803:1, /usr/include/x86_64-linux-gnu/sys/cdefs.h:401:76> /usr/include/stdio.h:803:12 fseeko 'int (FILE *, __off_t, int)' extern
| |-ParmVarDecl 0x5ffb0e7c5ad0 <col:20, col:26> col:26 __stream 'FILE *'
| |-ParmVarDecl 0x5ffb0e7c5b48 <col:36, col:44> col:44 __off '__off_t':'long'
| |-ParmVarDecl 0x5ffb0e7c5bc8 <col:51, col:55> col:55 __whence 'int'
| `-NonNullAttr 0x5ffb0e7c5d98 </usr/include/x86_64-linux-gnu/sys/cdefs.h:401:57, /usr/include/stdio.h:804:16> 1
|-FunctionDecl 0x5ffb0e7c5f10 <line:809:1, /usr/include/x86_64-linux-gnu/sys/cdefs.h:401:76> /usr/include/stdio.h:809:16 ftello '__off_t (FILE *)' extern
| |-ParmVarDecl 0x5ffb0e7c5e20 <col:24, col:30> col:30 __stream 'FILE *'
| `-NonNullAttr 0x5ffb0e7c5fc0 </usr/include/x86_64-linux-gnu/sys/cdefs.h:401:57, /usr/include/stdio.h:809:59> 1
|-FunctionDecl 0x5ffb0e7c62c8 <line:829:1, /usr/include/x86_64-linux-gnu/sys/cdefs.h:401:76> /usr/include/stdio.h:829:12 fgetpos 'int (FILE *restrict, fpos_t *restrict)' extern
| |-ParmVarDecl 0x5ffb0e7c6040 <col:21, col:38> col:38 __stream 'FILE *restrict'
| |-ParmVarDecl 0x5ffb0e7c6188 <col:48, col:67> col:67 __pos 'fpos_t *restrict'
| `-NonNullAttr 0x5ffb0e7c6380 </usr/include/x86_64-linux-gnu/sys/cdefs.h:401:57, /usr/include/stdio.h:830:16> 1
|-FunctionDecl 0x5ffb0e7c6628 <line:835:1, /usr/include/x86_64-linux-gnu/sys/cdefs.h:401:76> /usr/include/stdio.h:835:12 fsetpos 'int (FILE *, const fpos_t *)' extern
| |-ParmVarDecl 0x5ffb0e7c6400 <col:21, col:27> col:27 __stream 'FILE *'
| |-ParmVarDecl 0x5ffb0e7c64e8 <col:37, col:51> col:51 __pos 'const fpos_t *'
| `-NonNullAttr 0x5ffb0e7c66e0 </usr/include/x86_64-linux-gnu/sys/cdefs.h:401:57, /usr/include/stdio.h:835:71> 1
|-FunctionDecl 0x5ffb0e7c6810 <line:860:1, /usr/include/x86_64-linux-gnu/sys/cdefs.h:401:76> /usr/include/stdio.h:860:13 clearerr 'void (FILE *)' extern
| |-ParmVarDecl 0x5ffb0e7c6760 <col:23, col:29> col:29 __stream 'FILE *'
| |-NoThrowAttr 0x5ffb0e7c68c0 </usr/include/x86_64-linux-gnu/sys/cdefs.h:79:35>
| `-NonNullAttr 0x5ffb0e7c6918 <line:401:57, /usr/include/stdio.h:860:60> 1
|-FunctionDecl 0x5ffb0e7c6a38 <line:862:1, /usr/include/x86_64-linux-gnu/sys/cdefs.h:401:76> /usr/include/stdio.h:862:12 feof 'int (FILE *)' extern
| |-ParmVarDecl 0x5ffb0e7c6980 <col:18, col:24> col:24 __stream 'FILE *'
| |-NoThrowAttr 0x5ffb0e7c6ae8 </usr/include/x86_64-linux-gnu/sys/cdefs.h:79:35>
| `-NonNullAttr 0x5ffb0e7c6b40 <line:401:57, /usr/include/stdio.h:862:61> 1
|-FunctionDecl 0x5ffb0e7c6c48 <line:864:1, /usr/include/x86_64-linux-gnu/sys/cdefs.h:401:76> /usr/include/stdio.h:864:12 ferror 'int (FILE *)' extern
| |-ParmVarDecl 0x5ffb0e7c6b90 <col:20, col:26> col:26 __stream 'FILE *'
| |-NoThrowAttr 0x5ffb0e7c6cf8 </usr/include/x86_64-linux-gnu/sys/cdefs.h:79:35>
| `-NonNullAttr 0x5ffb0e7c6d50 <line:401:57, /usr/include/stdio.h:864:63> 1
|-FunctionDecl 0x5ffb0e7c6e50 <line:868:1, /usr/include/x86_64-linux-gnu/sys/cdefs.h:401:76> /usr/include/stdio.h:868:13 clearerr_unlocked 'void (FILE *)' extern
| |-ParmVarDecl 0x5ffb0e7c6da0 <col:32, col:38> col:38 __stream 'FILE *'
| |-NoThrowAttr 0x5ffb0e7c6f00 </usr/include/x86_64-linux-gnu/sys/cdefs.h:79:35>
| `-NonNullAttr 0x5ffb0e7c6f58 <line:401:57, /usr/include/stdio.h:868:69> 1
|-FunctionDecl 0x5ffb0e7c7068 <line:869:1, /usr/include/x86_64-linux-gnu/sys/cdefs.h:401:76> /usr/include/stdio.h:869:12 feof_unlocked 'int (FILE *)' extern
| |-ParmVarDecl 0x5ffb0e7c6fb0 <col:27, col:33> col:33 __stream 'FILE *'
| |-NoThrowAttr 0x5ffb0e7c7118 </usr/include/x86_64-linux-gnu/sys/cdefs.h:79:35>
| `-NonNullAttr 0x5ffb0e7c7170 <line:401:57, /usr/include/stdio.h:869:70> 1
|-FunctionDecl 0x5ffb0e7c7278 <line:870:1, /usr/include/x86_64-linux-gnu/sys/cdefs.h:401:76> /usr/include/stdio.h:870:12 ferror_unlocked 'int (FILE *)' extern
| |-ParmVarDecl 0x5ffb0e7c71c0 <col:29, col:35> col:35 __stream 'FILE *'
| |-NoThrowAttr 0x5ffb0e7c7328 </usr/include/x86_64-linux-gnu/sys/cdefs.h:79:35>
| `-NonNullAttr 0x5ffb0e7c7380 <line:401:57, /usr/include/stdio.h:870:72> 1
|-FunctionDecl 0x5ffb0e7c74a0 <line:878:1, /usr/include/x86_64-linux-gnu/sys/cdefs.h:102:43> /usr/include/stdio.h:878:13 perror 'void (const char *)' extern
| |-ParmVarDecl 0x5ffb0e7c73d0 <col:21, col:33> col:33 __s 'const char *'
| `-ColdAttr 0x5ffb0e7c7550 </usr/include/x86_64-linux-gnu/sys/cdefs.h:102:34>
|-FunctionDecl 0x5ffb0e7c7678 </usr/include/stdio.h:883:1, /usr/include/x86_64-linux-gnu/sys/cdefs.h:401:76> /usr/include/stdio.h:883:12 fileno 'int (FILE *)' extern
| |-ParmVarDecl 0x5ffb0e7c75c0 <col:20, col:26> col:26 __stream 'FILE *'
| |-NoThrowAttr 0x5ffb0e7c7728 </usr/include/x86_64-linux-gnu/sys/cdefs.h:79:35>
| `-NonNullAttr 0x5ffb0e7c7780 <line:401:57, /usr/include/stdio.h:883:63> 1
|-FunctionDecl 0x5ffb0e7c7888 <line:888:1, /usr/include/x86_64-linux-gnu/sys/cdefs.h:401:76> /usr/include/stdio.h:888:12 fileno_unlocked 'int (FILE *)' extern
| |-ParmVarDecl 0x5ffb0e7c77d0 <col:29, col:35> col:35 __stream 'FILE *'
| |-NoThrowAttr 0x5ffb0e7c7938 </usr/include/x86_64-linux-gnu/sys/cdefs.h:79:35>
| `-NonNullAttr 0x5ffb0e7c89b0 <line:401:57, /usr/include/stdio.h:888:72> 1
|-FunctionDecl 0x5ffb0e7c8ab8 <line:897:1, /usr/include/x86_64-linux-gnu/sys/cdefs.h:401:76> /usr/include/stdio.h:897:12 pclose 'int (FILE *)' extern
| |-ParmVarDecl 0x5ffb0e7c8a00 <col:20, col:26> col:26 __stream 'FILE *'
| `-NonNullAttr 0x5ffb0e7c8b68 </usr/include/x86_64-linux-gnu/sys/cdefs.h:401:57, /usr/include/stdio.h:897:49> 1
|-FunctionDecl 0x5ffb0e7c8d58 <line:903:1, /usr/include/x86_64-linux-gnu/sys/cdefs.h:298:58> /usr/include/stdio.h:903:14 popen 'FILE *(const char *, const char *)' extern
| |-ParmVarDecl 0x5ffb0e7c8bf0 <col:21, col:33> col:33 __command 'const char *'
| |-ParmVarDecl 0x5ffb0e7c8c70 <col:44, col:56> col:56 __modes 'const char *'
| `-RestrictAttr 0x5ffb0e7c8e10 </usr/include/x86_64-linux-gnu/sys/cdefs.h:298:47> malloc
|-FunctionDecl 0x5ffb0e7c8f18 </usr/include/stdio.h:911:1, /usr/include/x86_64-linux-gnu/sys/cdefs.h:79:54> /usr/include/stdio.h:911:14 ctermid 'char *(char *)' extern
| |-ParmVarDecl 0x5ffb0e7c8e80 <col:23, col:29> col:29 __s 'char *'
| `-NoThrowAttr 0x5ffb0e7c8fc8 </usr/include/x86_64-linux-gnu/sys/cdefs.h:79:35>
|-FunctionDecl 0x5ffb0e7c90e8 </usr/include/stdio.h:941:1, /usr/include/x86_64-linux-gnu/sys/cdefs.h:401:76> /usr/include/stdio.h:941:13 flockfile 'void (FILE *)' extern
| |-ParmVarDecl 0x5ffb0e7c9038 <col:24, col:30> col:30 __stream 'FILE *'
| |-NoThrowAttr 0x5ffb0e7c9198 </usr/include/x86_64-linux-gnu/sys/cdefs.h:79:35>
| `-NonNullAttr 0x5ffb0e7c91f0 <line:401:57, /usr/include/stdio.h:941:61> 1
|-FunctionDecl 0x5ffb0e7c92f8 <line:945:1, /usr/include/x86_64-linux-gnu/sys/cdefs.h:401:76> /usr/include/stdio.h:945:12 ftrylockfile 'int (FILE *)' extern
| |-ParmVarDecl 0x5ffb0e7c9240 <col:26, col:32> col:32 __stream 'FILE *'
| |-NoThrowAttr 0x5ffb0e7c93a8 </usr/include/x86_64-linux-gnu/sys/cdefs.h:79:35>
| `-NonNullAttr 0x5ffb0e7c9400 <line:401:57, /usr/include/stdio.h:945:69> 1
|-FunctionDecl 0x5ffb0e7c9500 <line:948:1, /usr/include/x86_64-linux-gnu/sys/cdefs.h:401:76> /usr/include/stdio.h:948:13 funlockfile 'void (FILE *)' extern
| |-ParmVarDecl 0x5ffb0e7c9450 <col:26, col:32> col:32 __stream 'FILE *'
| |-NoThrowAttr 0x5ffb0e7c95b0 </usr/include/x86_64-linux-gnu/sys/cdefs.h:79:35>
| `-NonNullAttr 0x5ffb0e7c9608 <line:401:57, /usr/include/stdio.h:948:63> 1
|-FunctionDecl 0x5ffb0e7c96f8 <line:959:1, col:27> col:12 __uflow 'int (FILE *)' extern
| `-ParmVarDecl 0x5ffb0e7c9660 <col:21, col:26> col:27 'FILE *'
|-FunctionDecl 0x5ffb0e7c9990 <line:960:1, col:35> col:12 __overflow 'int (FILE *, int)' extern
| |-ParmVarDecl 0x5ffb0e7c97c0 <col:24, col:29> col:30 'FILE *'
| `-ParmVarDecl 0x5ffb0e7c9840 <col:32> col:35 'int'
`-FunctionDecl 0x5ffb0e7c9aa8 <main.c:2:1, line:14:1> line:2:5 main 'int ()'
  `-CompoundStmt 0x5ffb0e7ca308 <line:3:1, line:14:1>
    |-DeclStmt 0x5ffb0e7c9cf0 <line:4:2, col:13>
    | |-VarDecl 0x5ffb0e7c9b68 <col:2, col:6> col:6 used i 'int'
    | |-VarDecl 0x5ffb0e7c9be8 <col:2, col:9> col:9 used n 'int'
    | `-VarDecl 0x5ffb0e7c9c68 <col:2, col:12> col:12 used f 'int'
    |-CallExpr 0x5ffb0e7c9e88 <line:5:2, col:16> 'int'
    | |-ImplicitCastExpr 0x5ffb0e7c9e70 <col:2> 'int (*)(const char *restrict, ...)' <FunctionToPointerDecay>
    | | `-DeclRefExpr 0x5ffb0e7c9d08 <col:2> 'int (const char *restrict, ...)' Function 0x5ffb0e7b6430 'scanf' 'int (const char *restrict, ...)'
    | |-ImplicitCastExpr 0x5ffb0e7c9ed0 <col:8> 'const char *' <NoOp>
    | | `-ImplicitCastExpr 0x5ffb0e7c9eb8 <col:8> 'char *' <ArrayToPointerDecay>
    | |   `-StringLiteral 0x5ffb0e7c9d70 <col:8> 'char[3]' lvalue "%d"
    | `-UnaryOperator 0x5ffb0e7c9de0 <col:14, col:15> 'int *' prefix '&' cannot overflow
    |   `-DeclRefExpr 0x5ffb0e7c9d90 <col:15> 'int' lvalue Var 0x5ffb0e7c9be8 'n' 'int'
    |-BinaryOperator 0x5ffb0e7c9f28 <line:6:2, col:6> 'int' '='
    | |-DeclRefExpr 0x5ffb0e7c9ee8 <col:2> 'int' lvalue Var 0x5ffb0e7c9b68 'i' 'int'
    | `-IntegerLiteral 0x5ffb0e7c9f08 <col:6> 'int' 2
    |-BinaryOperator 0x5ffb0e7c9f88 <line:7:2, col:6> 'int' '='
    | |-DeclRefExpr 0x5ffb0e7c9f48 <col:2> 'int' lvalue Var 0x5ffb0e7c9c68 'f' 'int'
    | `-IntegerLiteral 0x5ffb0e7c9f68 <col:6> 'int' 1
    |-WhileStmt 0x5ffb0e7ca1e0 <line:8:2, line:12:2>
    | |-BinaryOperator 0x5ffb0e7ca018 <line:8:9, col:14> 'int' '<='
    | | |-ImplicitCastExpr 0x5ffb0e7c9fe8 <col:9> 'int' <LValueToRValue>
    | | | `-DeclRefExpr 0x5ffb0e7c9fa8 <col:9> 'int' lvalue Var 0x5ffb0e7c9b68 'i' 'int'
    | | `-ImplicitCastExpr 0x5ffb0e7ca000 <col:14> 'int' <LValueToRValue>
    | |   `-DeclRefExpr 0x5ffb0e7c9fc8 <col:14> 'int' lvalue Var 0x5ffb0e7c9be8 'n' 'int'
    | `-CompoundStmt 0x5ffb0e7ca1c0 <line:9:2, line:12:2>
    |   |-BinaryOperator 0x5ffb0e7ca0e8 <line:10:3, col:11> 'int' '='
    |   | |-DeclRefExpr 0x5ffb0e7ca038 <col:3> 'int' lvalue Var 0x5ffb0e7c9c68 'f' 'int'
    |   | `-BinaryOperator 0x5ffb0e7ca0c8 <col:7, col:11> 'int' '*'
    |   |   |-ImplicitCastExpr 0x5ffb0e7ca098 <col:7> 'int' <LValueToRValue>
    |   |   | `-DeclRefExpr 0x5ffb0e7ca058 <col:7> 'int' lvalue Var 0x5ffb0e7c9c68 'f' 'int'
    |   |   `-ImplicitCastExpr 0x5ffb0e7ca0b0 <col:11> 'int' <LValueToRValue>
    |   |     `-DeclRefExpr 0x5ffb0e7ca078 <col:11> 'int' lvalue Var 0x5ffb0e7c9b68 'i' 'int'
    |   `-BinaryOperator 0x5ffb0e7ca1a0 <line:11:3, col:11> 'int' '='
    |     |-DeclRefExpr 0x5ffb0e7ca108 <col:3> 'int' lvalue Var 0x5ffb0e7c9b68 'i' 'int'
    |     `-BinaryOperator 0x5ffb0e7ca180 <col:7, col:11> 'int' '+'
    |       |-ImplicitCastExpr 0x5ffb0e7ca168 <col:7> 'int' <LValueToRValue>
    |       | `-DeclRefExpr 0x5ffb0e7ca128 <col:7> 'int' lvalue Var 0x5ffb0e7c9b68 'i' 'int'
    |       `-IntegerLiteral 0x5ffb0e7ca148 <col:11> 'int' 1
    `-CallExpr 0x5ffb0e7ca290 <line:13:2, col:18> 'int'
      |-ImplicitCastExpr 0x5ffb0e7ca278 <col:2> 'int (*)(const char *, ...)' <FunctionToPointerDecay>
      | `-DeclRefExpr 0x5ffb0e7ca200 <col:2> 'int (const char *, ...)' Function 0x5ffb0e78a428 'printf' 'int (const char *, ...)'
      |-ImplicitCastExpr 0x5ffb0e7ca2d8 <col:9> 'const char *' <NoOp>
      | `-ImplicitCastExpr 0x5ffb0e7ca2c0 <col:9> 'char *' <ArrayToPointerDecay>
      |   `-StringLiteral 0x5ffb0e7ca220 <col:9> 'char[4]' lvalue "%d\n"
      `-ImplicitCastExpr 0x5ffb0e7ca2f0 <col:17> 'int' <LValueToRValue>
        `-DeclRefExpr 0x5ffb0e7ca240 <col:17> 'int' lvalue Var 0x5ffb0e7c9c68 'f' 'int'
